TN:
SF:src/handlers/auth.js
FN:61,(anonymous_0)
FN:67,(anonymous_1)
FN:114,(anonymous_2)
FN:163,(anonymous_3)
FN:186,(anonymous_4)
FN:219,(anonymous_5)
FN:243,(anonymous_6)
FN:278,(anonymous_7)
FN:310,(anonymous_8)
FN:348,(anonymous_9)
FN:376,(anonymous_10)
FN:404,(anonymous_11)
FN:459,(anonymous_12)
FNF:13
FNH:4
FNDA:0,(anonymous_0)
FNDA:3,(anonymous_1)
FNDA:3,(anonymous_2)
FNDA:2,(anonymous_3)
FNDA:3,(anonymous_4)
FNDA:0,(anonymous_5)
FNDA:0,(anonymous_6)
FNDA:0,(anonymous_7)
FNDA:0,(anonymous_8)
FNDA:0,(anonymous_9)
FNDA:0,(anonymous_10)
FNDA:0,(anonymous_11)
FNDA:0,(anonymous_12)
DA:12,3
DA:15,3
DA:30,3
DA:36,3
DA:57,3
DA:61,0
DA:67,3
DA:68,3
DA:69,3
DA:70,3
DA:72,3
DA:77,2
DA:87,1
DA:89,1
DA:90,1
DA:97,0
DA:98,0
DA:105,0
DA:114,3
DA:115,3
DA:116,3
DA:117,3
DA:119,3
DA:126,0
DA:136,3
DA:138,3
DA:139,3
DA:146,0
DA:147,0
DA:154,0
DA:163,3
DA:164,2
DA:165,2
DA:166,2
DA:167,2
DA:169,2
DA:171,2
DA:176,0
DA:177,0
DA:186,3
DA:187,3
DA:188,3
DA:189,3
DA:190,1
DA:197,2
DA:198,2
DA:200,0
DA:209,2
DA:210,2
DA:219,3
DA:220,0
DA:221,0
DA:222,0
DA:224,0
DA:226,0
DA:233,0
DA:234,0
DA:243,3
DA:244,0
DA:245,0
DA:246,0
DA:247,0
DA:249,0
DA:251,0
DA:259,0
DA:261,0
DA:262,0
DA:269,0
DA:278,3
DA:279,0
DA:280,0
DA:281,0
DA:282,0
DA:284,0
DA:286,0
DA:291,0
DA:293,0
DA:294,0
DA:301,0
DA:310,3
DA:311,0
DA:312,0
DA:313,0
DA:314,0
DA:321,0
DA:322,0
DA:324,0
DA:329,0
DA:331,0
DA:332,0
DA:339,0
DA:348,3
DA:349,0
DA:350,0
DA:351,0
DA:352,0
DA:359,0
DA:360,0
DA:362,0
DA:367,0
DA:368,0
DA:376,3
DA:377,0
DA:378,0
DA:379,0
DA:380,0
DA:387,0
DA:388,0
DA:390,0
DA:395,0
DA:396,0
DA:404,3
DA:405,0
DA:406,0
DA:408,0
DA:409,0
DA:416,0
DA:417,0
DA:424,0
DA:425,0
DA:432,0
DA:433,0
DA:435,0
DA:440,0
DA:442,0
DA:443,0
DA:450,0
DA:459,3
DA:460,0
DA:461,0
DA:462,0
DA:464,0
DA:465,0
DA:472,0
DA:473,0
DA:475,0
DA:480,0
DA:481,0
LF:138
LH:46
BRDA:89,0,0,1
BRDA:89,0,1,0
BRDA:97,1,0,0
BRDA:97,1,1,0
BRDA:97,2,0,0
BRDA:97,2,1,0
BRDA:138,3,0,3
BRDA:138,3,1,0
BRDA:138,4,0,3
BRDA:138,4,1,3
BRDA:146,5,0,0
BRDA:146,5,1,0
BRDA:189,6,0,1
BRDA:189,6,1,2
BRDA:261,7,0,0
BRDA:261,7,1,0
BRDA:261,8,0,0
BRDA:261,8,1,0
BRDA:293,9,0,0
BRDA:293,9,1,0
BRDA:313,10,0,0
BRDA:313,10,1,0
BRDA:331,11,0,0
BRDA:331,11,1,0
BRDA:331,12,0,0
BRDA:331,12,1,0
BRDA:351,13,0,0
BRDA:351,13,1,0
BRDA:379,14,0,0
BRDA:379,14,1,0
BRDA:408,15,0,0
BRDA:408,15,1,0
BRDA:408,16,0,0
BRDA:408,16,1,0
BRDA:408,16,2,0
BRDA:416,17,0,0
BRDA:416,17,1,0
BRDA:424,18,0,0
BRDA:424,18,1,0
BRDA:442,19,0,0
BRDA:442,19,1,0
BRDA:442,20,0,0
BRDA:442,20,1,0
BRDA:464,21,0,0
BRDA:464,21,1,0
BRF:45
BRH:6
end_of_record
TN:
SF:src/handlers/community.js
FN:34,(anonymous_0)
FN:108,(anonymous_1)
FN:138,(anonymous_2)
FN:235,(anonymous_3)
FN:287,(anonymous_4)
FN:310,(anonymous_5)
FN:426,(anonymous_6)
FN:495,(anonymous_7)
FNF:8
FNH:0
FNDA:0,(anonymous_0)
FNDA:0,(anonymous_1)
FNDA:0,(anonymous_2)
FNDA:0,(anonymous_3)
FNDA:0,(anonymous_4)
FNDA:0,(anonymous_5)
FNDA:0,(anonymous_6)
FNDA:0,(anonymous_7)
DA:12,1
DA:15,1
DA:26,1
DA:31,1
DA:34,1
DA:35,0
DA:36,0
DA:37,0
DA:47,0
DA:49,0
DA:50,0
DA:52,0
DA:53,0
DA:54,0
DA:57,0
DA:58,0
DA:59,0
DA:62,0
DA:63,0
DA:64,0
DA:67,0
DA:69,0
DA:70,0
DA:73,0
DA:74,0
DA:75,0
DA:77,0
DA:96,0
DA:108,0
DA:115,0
DA:128,0
DA:129,0
DA:138,1
DA:139,0
DA:140,0
DA:141,0
DA:144,0
DA:145,0
DA:150,0
DA:151,0
DA:159,0
DA:160,0
DA:162,0
DA:177,0
DA:178,0
DA:179,0
DA:181,0
DA:182,0
DA:183,0
DA:185,0
DA:190,0
DA:194,0
DA:204,0
DA:216,0
DA:218,0
DA:219,0
DA:226,0
DA:235,1
DA:236,0
DA:237,0
DA:238,0
DA:241,0
DA:253,0
DA:254,0
DA:262,0
DA:268,0
DA:282,0
DA:287,0
DA:293,0
DA:300,0
DA:301,0
DA:310,1
DA:311,0
DA:312,0
DA:313,0
DA:314,0
DA:317,0
DA:322,0
DA:323,0
DA:330,0
DA:331,0
DA:339,0
DA:340,0
DA:345,0
DA:346,0
DA:354,0
DA:355,0
DA:357,0
DA:367,0
DA:373,0
DA:374,0
DA:375,0
DA:376,0
DA:381,0
DA:385,0
DA:395,0
DA:407,0
DA:409,0
DA:410,0
DA:417,0
DA:426,1
DA:427,0
DA:428,0
DA:429,0
DA:430,0
DA:432,0
DA:433,0
DA:441,0
DA:446,0
DA:447,0
DA:457,0
DA:458,0
DA:462,0
DA:463,0
DA:470,0
DA:475,0
DA:485,0
DA:486,0
DA:495,1
DA:496,0
DA:529,0
LF:121
LH:10
BRDA:42,0,0,0
BRDA:43,1,0,0
BRDA:44,2,0,0
BRDA:45,3,0,0
BRDA:46,4,0,0
BRDA:52,5,0,0
BRDA:52,5,1,0
BRDA:57,6,0,0
BRDA:57,6,1,0
BRDA:62,7,0,0
BRDA:62,7,1,0
BRDA:67,8,0,0
BRDA:67,8,1,0
BRDA:74,9,0,0
BRDA:74,9,1,0
BRDA:75,10,0,0
BRDA:75,10,1,0
BRDA:108,11,0,0
BRDA:108,11,1,0
BRDA:110,12,0,0
BRDA:110,12,1,0
BRDA:120,13,0,0
BRDA:120,13,1,0
BRDA:123,14,0,0
BRDA:123,14,1,0
BRDA:144,15,0,0
BRDA:144,15,1,0
BRDA:150,16,0,0
BRDA:150,16,1,0
BRDA:150,17,0,0
BRDA:150,17,1,0
BRDA:171,18,0,0
BRDA:171,18,1,0
BRDA:172,19,0,0
BRDA:172,19,1,0
BRDA:182,20,0,0
BRDA:182,20,1,0
BRDA:183,21,0,0
BRDA:183,21,1,0
BRDA:210,22,0,0
BRDA:210,22,1,0
BRDA:218,23,0,0
BRDA:218,23,1,0
BRDA:218,24,0,0
BRDA:218,24,1,0
BRDA:253,25,0,0
BRDA:253,25,1,0
BRDA:284,26,0,0
BRDA:284,26,1,0
BRDA:287,27,0,0
BRDA:287,27,1,0
BRDA:322,28,0,0
BRDA:322,28,1,0
BRDA:330,29,0,0
BRDA:330,29,1,0
BRDA:339,30,0,0
BRDA:339,30,1,0
BRDA:345,31,0,0
BRDA:345,31,1,0
BRDA:363,32,0,0
BRDA:363,32,1,0
BRDA:409,33,0,0
BRDA:409,33,1,0
BRDA:409,34,0,0
BRDA:409,34,1,0
BRDA:432,35,0,0
BRDA:432,35,1,0
BRDA:446,36,0,0
BRDA:446,36,1,0
BRDA:457,37,0,0
BRDA:457,37,1,0
BRDA:462,38,0,0
BRDA:462,38,1,0
BRF:73
BRH:0
end_of_record
TN:
SF:src/handlers/feeding.js
FN:41,(anonymous_0)
FN:79,(anonymous_1)
FN:133,(anonymous_2)
FN:196,(anonymous_3)
FN:230,(anonymous_4)
FN:274,(anonymous_5)
FN:306,(anonymous_6)
FN:329,(anonymous_7)
FN:372,(anonymous_8)
FN:440,(anonymous_9)
FN:487,(anonymous_10)
FNF:11
FNH:0
FNDA:0,(anonymous_0)
FNDA:0,(anonymous_1)
FNDA:0,(anonymous_2)
FNDA:0,(anonymous_3)
FNDA:0,(anonymous_4)
FNDA:0,(anonymous_5)
FNDA:0,(anonymous_6)
FNDA:0,(anonymous_7)
FNDA:0,(anonymous_8)
FNDA:0,(anonymous_9)
FNDA:0,(anonymous_10)
DA:13,1
DA:16,1
DA:19,1
DA:41,0
DA:47,1
DA:70,1
DA:79,1
DA:80,0
DA:81,0
DA:82,0
DA:92,0
DA:94,0
DA:96,0
DA:107,0
DA:109,0
DA:123,0
DA:124,0
DA:133,1
DA:134,0
DA:135,0
DA:136,0
DA:138,0
DA:139,0
DA:142,0
DA:147,0
DA:148,0
DA:155,0
DA:158,0
DA:159,0
DA:164,0
DA:168,0
DA:177,0
DA:179,0
DA:180,0
DA:187,0
DA:196,1
DA:197,0
DA:198,0
DA:199,0
DA:201,0
DA:202,0
DA:204,0
DA:211,0
DA:213,0
DA:214,0
DA:221,0
DA:230,1
DA:231,0
DA:232,0
DA:233,0
DA:234,0
DA:236,0
DA:237,0
DA:239,0
DA:247,0
DA:249,0
DA:250,0
DA:257,0
DA:258,0
DA:265,0
DA:274,1
DA:275,0
DA:276,0
DA:277,0
DA:279,0
DA:280,0
DA:282,0
DA:287,0
DA:289,0
DA:290,0
DA:297,0
DA:306,1
DA:307,0
DA:308,0
DA:309,0
DA:311,0
DA:312,0
DA:314,0
DA:319,0
DA:320,0
DA:329,1
DA:330,0
DA:331,0
DA:332,0
DA:333,0
DA:334,0
DA:337,0
DA:342,0
DA:343,0
DA:350,0
DA:351,0
DA:353,0
DA:362,0
DA:363,0
DA:372,1
DA:373,0
DA:374,0
DA:375,0
DA:378,0
DA:383,0
DA:384,0
DA:391,0
DA:392,0
DA:394,0
DA:395,0
DA:402,0
DA:403,0
DA:410,0
DA:411,0
DA:413,0
DA:421,0
DA:423,0
DA:424,0
DA:431,0
DA:440,1
DA:441,0
DA:442,0
DA:443,0
DA:444,0
DA:447,0
DA:452,0
DA:453,0
DA:460,0
DA:461,0
DA:463,0
DA:468,0
DA:470,0
DA:471,0
DA:478,0
DA:487,1
DA:488,0
DA:489,0
DA:490,0
DA:493,0
DA:498,0
DA:499,0
DA:506,0
DA:507,0
DA:512,0
DA:520,0
DA:521,0
LF:141
LH:15
BRDA:41,0,0,0
BRDA:41,0,1,0
BRDA:88,1,0,0
BRDA:89,2,0,0
BRDA:90,3,0,0
BRDA:91,4,0,0
BRDA:147,5,0,0
BRDA:147,5,1,0
BRDA:147,6,0,0
BRDA:147,6,1,0
BRDA:179,7,0,0
BRDA:179,7,1,0
BRDA:179,8,0,0
BRDA:179,8,1,0
BRDA:213,9,0,0
BRDA:213,9,1,0
BRDA:213,10,0,0
BRDA:213,10,1,0
BRDA:249,11,0,0
BRDA:249,11,1,0
BRDA:249,12,0,0
BRDA:249,12,1,0
BRDA:257,13,0,0
BRDA:257,13,1,0
BRDA:257,14,0,0
BRDA:257,14,1,0
BRDA:289,15,0,0
BRDA:289,15,1,0
BRDA:289,16,0,0
BRDA:289,16,1,0
BRDA:334,17,0,0
BRDA:342,18,0,0
BRDA:342,18,1,0
BRDA:342,19,0,0
BRDA:342,19,1,0
BRDA:383,20,0,0
BRDA:383,20,1,0
BRDA:383,21,0,0
BRDA:383,21,1,0
BRDA:394,22,0,0
BRDA:394,22,1,0
BRDA:394,23,0,0
BRDA:394,23,1,0
BRDA:402,24,0,0
BRDA:402,24,1,0
BRDA:423,25,0,0
BRDA:423,25,1,0
BRDA:423,26,0,0
BRDA:423,26,1,0
BRDA:452,27,0,0
BRDA:452,27,1,0
BRDA:452,28,0,0
BRDA:452,28,1,0
BRDA:470,29,0,0
BRDA:470,29,1,0
BRDA:498,30,0,0
BRDA:498,30,1,0
BRDA:498,31,0,0
BRDA:498,31,1,0
BRF:59
BRH:0
end_of_record
TN:
SF:src/handlers/monitoring.js
FN:12,(anonymous_0)
FN:96,(anonymous_1)
FN:98,(anonymous_2)
FN:98,(anonymous_3)
FN:122,(anonymous_4)
FN:148,(anonymous_5)
FN:170,(anonymous_6)
FN:194,(anonymous_7)
FN:197,(anonymous_8)
FN:225,(anonymous_9)
FN:227,(anonymous_10)
FN:263,getDetailedMetrics
FN:280,checkDatabaseHealth
FN:346,testFrontendConnectivity
FN:377,basicHealthTest
FN:388,databaseOperationsTest
FN:411,authenticationFlowTest
FN:423,apiEndpointsTest
FN:448,corsConfigurationTest
FN:459,loadTest
FN:468,(anonymous_20)
FN:484,(anonymous_21)
FN:485,(anonymous_22)
FN:498,getDatabaseMetrics
FN:523,getStorageMetrics
FN:550,getApiMetrics
FN:560,getPerformanceMetrics
FNF:27
FNH:0
FNDA:0,(anonymous_0)
FNDA:0,(anonymous_1)
FNDA:0,(anonymous_2)
FNDA:0,(anonymous_3)
FNDA:0,(anonymous_4)
FNDA:0,(anonymous_5)
FNDA:0,(anonymous_6)
FNDA:0,(anonymous_7)
FNDA:0,(anonymous_8)
FNDA:0,(anonymous_9)
FNDA:0,(anonymous_10)
FNDA:0,getDetailedMetrics
FNDA:0,checkDatabaseHealth
FNDA:0,testFrontendConnectivity
FNDA:0,basicHealthTest
FNDA:0,databaseOperationsTest
FNDA:0,authenticationFlowTest
FNDA:0,apiEndpointsTest
FNDA:0,corsConfigurationTest
FNDA:0,loadTest
FNDA:0,(anonymous_20)
FNDA:0,(anonymous_21)
FNDA:0,(anonymous_22)
FNDA:0,getDatabaseMetrics
FNDA:0,getStorageMetrics
FNDA:0,getApiMetrics
FNDA:0,getPerformanceMetrics
DA:9,1
DA:12,1
DA:13,0
DA:15,0
DA:16,0
DA:36,0
DA:37,0
DA:38,0
DA:39,0
DA:40,0
DA:45,0
DA:50,0
DA:55,0
DA:56,0
DA:57,0
DA:58,0
DA:59,0
DA:60,0
DA:65,0
DA:70,0
DA:75,0
DA:76,0
DA:77,0
DA:78,0
DA:79,0
DA:85,0
DA:93,0
DA:96,0
DA:97,0
DA:98,0
DA:103,0
DA:106,0
DA:109,0
DA:111,0
DA:122,1
DA:123,0
DA:124,0
DA:127,0
DA:129,0
DA:137,0
DA:138,0
DA:148,1
DA:149,0
DA:150,0
DA:152,0
DA:159,0
DA:160,0
DA:170,1
DA:171,0
DA:172,0
DA:173,0
DA:175,0
DA:183,0
DA:184,0
DA:194,1
DA:195,0
DA:196,0
DA:197,0
DA:199,0
DA:201,0
DA:220,0
DA:221,0
DA:225,0
DA:226,0
DA:227,0
DA:228,0
DA:229,0
DA:230,0
DA:231,0
DA:233,0
DA:234,0
DA:235,0
DA:236,0
DA:237,0
DA:241,0
DA:244,0
DA:246,0
DA:252,0
DA:253,0
DA:264,0
DA:277,0
DA:281,0
DA:289,0
DA:290,0
DA:291,0
DA:292,0
DA:297,0
DA:305,0
DA:306,0
DA:307,0
DA:313,0
DA:319,0
DA:327,0
DA:328,0
DA:329,0
DA:330,0
DA:336,0
DA:343,0
DA:347,0
DA:354,0
DA:355,0
DA:356,0
DA:361,0
DA:367,0
DA:374,0
DA:378,0
DA:389,0
DA:391,0
DA:392,0
DA:393,0
DA:395,0
DA:398,0
DA:399,0
DA:400,0
DA:402,0
DA:405,0
DA:413,0
DA:424,0
DA:425,0
DA:427,0
DA:428,0
DA:430,0
DA:435,0
DA:442,0
DA:449,0
DA:461,0
DA:462,0
DA:463,0
DA:465,0
DA:466,0
DA:467,0
DA:468,0
DA:469,0
DA:475,0
DA:484,0
DA:485,0
DA:487,0
DA:499,0
DA:500,0
DA:507,0
DA:508,0
DA:509,0
DA:510,0
DA:511,0
DA:513,0
DA:517,0
DA:519,0
DA:524,0
DA:529,0
DA:530,0
DA:531,0
DA:532,0
DA:534,0
DA:538,0
DA:539,0
DA:541,0
DA:543,0
DA:547,0
DA:551,0
DA:561,0
LF:160
LH:6
BRDA:20,0,0,0
BRDA:20,0,1,0
BRDA:22,1,0,0
BRDA:22,1,1,0
BRDA:31,2,0,0
BRDA:31,2,1,0
BRDA:36,3,0,0
BRDA:36,3,1,0
BRDA:55,4,0,0
BRDA:55,4,1,0
BRDA:75,5,0,0
BRDA:75,5,1,0
BRDA:97,6,0,0
BRDA:97,6,1,0
BRDA:98,7,0,0
BRDA:98,7,1,0
BRDA:103,8,0,0
BRDA:103,8,1,0
BRDA:104,9,0,0
BRDA:104,9,1,0
BRDA:172,10,0,0
BRDA:172,10,1,0
BRDA:197,11,0,0
BRDA:220,12,0,0
BRDA:220,12,1,0
BRDA:226,13,0,0
BRDA:226,13,1,0
BRDA:226,14,0,0
BRDA:226,14,1,0
BRDA:229,15,0,0
BRDA:229,15,1,0
BRDA:230,16,0,0
BRDA:230,16,1,0
BRDA:231,17,0,0
BRDA:231,17,1,0
BRDA:233,18,0,0
BRDA:233,18,1,0
BRDA:233,19,0,0
BRDA:233,19,1,0
BRDA:235,20,0,0
BRDA:235,20,1,0
BRDA:236,21,0,0
BRDA:236,21,1,0
BRDA:237,22,0,0
BRDA:237,22,1,0
BRDA:241,23,0,0
BRDA:241,23,1,0
BRDA:242,24,0,0
BRDA:242,24,1,0
BRDA:314,25,0,0
BRDA:314,25,1,0
BRDA:362,26,0,0
BRDA:362,26,1,0
BRDA:430,27,0,0
BRDA:430,27,1,0
BRDA:435,28,0,0
BRDA:435,28,1,0
BRDA:494,29,0,0
BRDA:494,29,1,0
BRDA:529,30,0,0
BRDA:529,30,1,0
BRDA:538,31,0,0
BRDA:538,31,1,0
BRDA:563,32,0,0
BRDA:563,32,1,0
BRDA:564,33,0,0
BRDA:564,33,1,0
BRF:67
BRH:0
end_of_record
TN:
SF:src/handlers/nft.js
FN:29,(anonymous_0)
FN:207,(anonymous_1)
FN:247,(anonymous_2)
FN:275,(anonymous_3)
FN:323,(anonymous_4)
FN:409,(anonymous_5)
FNF:6
FNH:0
FNDA:0,(anonymous_0)
FNDA:0,(anonymous_1)
FNDA:0,(anonymous_2)
FNDA:0,(anonymous_3)
FNDA:0,(anonymous_4)
FNDA:0,(anonymous_5)
DA:12,1
DA:15,1
DA:18,1
DA:29,1
DA:30,0
DA:31,0
DA:32,0
DA:33,0
DA:36,0
DA:46,0
DA:47,0
DA:54,0
DA:55,0
DA:63,0
DA:64,0
DA:69,0
DA:70,0
DA:78,0
DA:79,0
DA:81,0
DA:98,0
DA:99,0
DA:100,0
DA:101,0
DA:103,0
DA:105,0
DA:106,0
DA:123,0
DA:135,0
DA:136,0
DA:151,0
DA:157,0
DA:162,0
DA:175,0
DA:184,0
DA:185,0
DA:188,0
DA:190,0
DA:191,0
DA:198,0
DA:207,1
DA:208,0
DA:209,0
DA:210,0
DA:217,0
DA:219,0
DA:220,0
DA:222,0
DA:223,0
DA:224,0
DA:227,0
DA:242,0
DA:247,0
DA:252,0
DA:265,0
DA:266,0
DA:275,1
DA:276,0
DA:277,0
DA:278,0
DA:280,0
DA:292,0
DA:293,0
DA:300,0
DA:306,0
DA:313,0
DA:314,0
DA:323,1
DA:324,0
DA:325,0
DA:335,0
DA:337,0
DA:338,0
DA:340,0
DA:341,0
DA:342,0
DA:345,0
DA:346,0
DA:347,0
DA:350,0
DA:351,0
DA:352,0
DA:355,0
DA:356,0
DA:357,0
DA:360,0
DA:376,0
DA:386,0
DA:399,0
DA:400,0
DA:409,1
DA:410,0
DA:411,0
DA:413,0
DA:426,0
DA:438,0
DA:453,0
DA:458,0
DA:459,0
LF:99
LH:8
BRDA:46,0,0,0
BRDA:46,0,1,0
BRDA:46,1,0,0
BRDA:46,1,1,0
BRDA:54,2,0,0
BRDA:54,2,1,0
BRDA:69,3,0,0
BRDA:69,3,1,0
BRDA:69,4,0,0
BRDA:69,4,1,0
BRDA:83,5,0,0
BRDA:83,5,1,0
BRDA:84,6,0,0
BRDA:84,6,1,0
BRDA:90,7,0,0
BRDA:90,7,1,0
BRDA:91,8,0,0
BRDA:91,8,1,0
BRDA:94,9,0,0
BRDA:94,9,1,0
BRDA:99,10,0,0
BRDA:99,10,1,0
BRDA:100,11,0,0
BRDA:100,11,1,0
BRDA:101,12,0,0
BRDA:101,12,1,0
BRDA:190,13,0,0
BRDA:190,13,1,0
BRDA:190,14,0,0
BRDA:190,14,1,0
BRDA:212,15,0,0
BRDA:213,16,0,0
BRDA:215,17,0,0
BRDA:216,18,0,0
BRDA:222,19,0,0
BRDA:222,19,1,0
BRDA:247,20,0,0
BRDA:247,20,1,0
BRDA:249,21,0,0
BRDA:249,21,1,0
BRDA:257,22,0,0
BRDA:257,22,1,0
BRDA:260,23,0,0
BRDA:260,23,1,0
BRDA:292,24,0,0
BRDA:292,24,1,0
BRDA:302,25,0,0
BRDA:302,25,1,0
BRDA:303,26,0,0
BRDA:303,26,1,0
BRDA:327,27,0,0
BRDA:328,28,0,0
BRDA:333,29,0,0
BRDA:334,30,0,0
BRDA:340,31,0,0
BRDA:340,31,1,0
BRDA:345,32,0,0
BRDA:345,32,1,0
BRDA:350,33,0,0
BRDA:350,33,1,0
BRDA:355,34,0,0
BRDA:355,34,1,0
BRDA:389,35,0,0
BRDA:389,35,1,0
BRDA:391,36,0,0
BRDA:391,36,1,0
BRDA:394,37,0,0
BRDA:394,37,1,0
BRDA:439,38,0,0
BRDA:439,38,1,0
BRDA:445,39,0,0
BRDA:445,39,1,0
BRF:72
BRH:0
end_of_record
TN:
SF:src/handlers/nutrition.js
FN:40,(anonymous_0)
FN:138,(anonymous_1)
FN:234,(anonymous_2)
FN:315,(anonymous_3)
FN:376,calculateNutritionRequirements
FN:425,calculateRawFeedingRequirements
FN:455,getRecommendedProteins
FN:458,(anonymous_7)
FN:461,getAllergicProteins
FN:465,generateMealPlan
FN:476,(anonymous_10)
FN:510,analyzeNutrition
FN:523,(anonymous_12)
FN:524,(anonymous_13)
FN:525,(anonymous_14)
FN:540,generateNutritionRecommendations
FN:570,getMealDistribution
FN:572,(anonymous_17)
FN:578,getAppetiteTrends
FN:579,(anonymous_19)
FN:579,(anonymous_20)
FN:582,(anonymous_21)
FN:589,getNutritionalBalance
FN:591,(anonymous_23)
FN:592,(anonymous_24)
FN:593,(anonymous_25)
FN:603,getDogPortionGuidelines
FN:613,getCatPortionGuidelines
FN:621,getNutritionTargets
FNF:29
FNH:0
FNDA:0,(anonymous_0)
FNDA:0,(anonymous_1)
FNDA:0,(anonymous_2)
FNDA:0,(anonymous_3)
FNDA:0,calculateNutritionRequirements
FNDA:0,calculateRawFeedingRequirements
FNDA:0,getRecommendedProteins
FNDA:0,(anonymous_7)
FNDA:0,getAllergicProteins
FNDA:0,generateMealPlan
FNDA:0,(anonymous_10)
FNDA:0,analyzeNutrition
FNDA:0,(anonymous_12)
FNDA:0,(anonymous_13)
FNDA:0,(anonymous_14)
FNDA:0,generateNutritionRecommendations
FNDA:0,getMealDistribution
FNDA:0,(anonymous_17)
FNDA:0,getAppetiteTrends
FNDA:0,(anonymous_19)
FNDA:0,(anonymous_20)
FNDA:0,(anonymous_21)
FNDA:0,getNutritionalBalance
FNDA:0,(anonymous_23)
FNDA:0,(anonymous_24)
FNDA:0,(anonymous_25)
FNDA:0,getDogPortionGuidelines
FNDA:0,getCatPortionGuidelines
FNDA:0,getNutritionTargets
DA:11,1
DA:14,1
DA:17,1
DA:28,1
DA:40,1
DA:41,0
DA:42,0
DA:43,0
DA:46,0
DA:56,0
DA:57,0
DA:64,0
DA:65,0
DA:66,0
DA:74,0
DA:85,0
DA:86,0
DA:94,0
DA:95,0
DA:97,0
DA:98,0
DA:106,0
DA:119,0
DA:121,0
DA:122,0
DA:129,0
DA:138,1
DA:139,0
DA:140,0
DA:141,0
DA:144,0
DA:155,0
DA:156,0
DA:163,0
DA:164,0
DA:172,0
DA:182,0
DA:183,0
DA:184,0
DA:186,0
DA:201,0
DA:215,0
DA:217,0
DA:218,0
DA:225,0
DA:234,1
DA:235,0
DA:236,0
DA:237,0
DA:238,0
DA:239,0
DA:242,0
DA:247,0
DA:248,0
DA:256,0
DA:257,0
DA:258,0
DA:260,0
DA:273,0
DA:276,0
DA:281,0
DA:282,0
DA:283,0
DA:289,0
DA:305,0
DA:306,0
DA:315,1
DA:316,0
DA:317,0
DA:318,0
DA:320,0
DA:347,0
DA:348,0
DA:358,0
DA:366,0
DA:367,0
DA:377,0
DA:380,0
DA:383,0
DA:391,0
DA:398,0
DA:405,0
DA:412,0
DA:426,0
DA:427,0
DA:429,0
DA:437,0
DA:438,0
DA:441,0
DA:442,0
DA:445,0
DA:456,0
DA:457,0
DA:458,0
DA:462,0
DA:466,0
DA:468,0
DA:475,0
DA:476,0
DA:479,0
DA:480,0
DA:481,0
DA:482,0
DA:484,0
DA:485,0
DA:486,0
DA:488,0
DA:500,0
DA:507,0
DA:511,0
DA:513,0
DA:514,0
DA:523,0
DA:524,0
DA:525,0
DA:527,0
DA:537,0
DA:541,0
DA:543,0
DA:544,0
DA:551,0
DA:552,0
DA:559,0
DA:560,0
DA:567,0
DA:571,0
DA:572,0
DA:573,0
DA:575,0
DA:579,0
DA:580,0
DA:582,0
DA:583,0
DA:591,0
DA:592,0
DA:593,0
DA:595,0
DA:604,0
DA:614,0
DA:622,0
DA:623,0
DA:631,0
LF:142
LH:8
BRDA:56,0,0,0
BRDA:56,0,1,0
BRDA:64,1,0,0
BRDA:64,1,1,0
BRDA:65,2,0,0
BRDA:65,2,1,0
BRDA:76,3,0,0
BRDA:76,3,1,0
BRDA:76,3,2,0
BRDA:85,4,0,0
BRDA:85,4,1,0
BRDA:94,5,0,0
BRDA:94,5,1,0
BRDA:95,6,0,0
BRDA:95,6,1,0
BRDA:97,7,0,0
BRDA:97,7,1,0
BRDA:97,8,0,0
BRDA:97,8,1,0
BRDA:121,9,0,0
BRDA:121,9,1,0
BRDA:121,10,0,0
BRDA:121,10,1,0
BRDA:155,11,0,0
BRDA:155,11,1,0
BRDA:163,12,0,0
BRDA:163,12,1,0
BRDA:174,13,0,0
BRDA:174,13,1,0
BRDA:182,14,0,0
BRDA:182,14,1,0
BRDA:183,15,0,0
BRDA:183,15,1,0
BRDA:184,16,0,0
BRDA:184,16,1,0
BRDA:190,17,0,0
BRDA:190,17,1,0
BRDA:191,18,0,0
BRDA:191,18,1,0
BRDA:217,19,0,0
BRDA:217,19,1,0
BRDA:217,20,0,0
BRDA:217,20,1,0
BRDA:239,21,0,0
BRDA:239,22,0,0
BRDA:247,23,0,0
BRDA:247,23,1,0
BRDA:247,24,0,0
BRDA:247,24,1,0
BRDA:256,25,0,0
BRDA:256,25,1,0
BRDA:256,26,0,0
BRDA:256,26,1,0
BRDA:273,27,0,0
BRDA:273,27,1,0
BRDA:282,28,0,0
BRDA:282,28,1,0
BRDA:318,29,0,0
BRDA:318,30,0,0
BRDA:335,31,0,0
BRDA:335,31,1,0
BRDA:347,32,0,0
BRDA:347,32,1,0
BRDA:347,33,0,0
BRDA:347,33,1,0
BRDA:416,34,0,0
BRDA:416,34,1,0
BRDA:431,35,0,0
BRDA:431,35,1,0
BRDA:432,36,0,0
BRDA:432,36,1,0
BRDA:433,37,0,0
BRDA:433,37,1,0
BRDA:434,38,0,0
BRDA:434,38,1,0
BRDA:437,39,0,0
BRDA:437,39,1,0
BRDA:441,40,0,0
BRDA:441,40,1,0
BRDA:481,41,0,0
BRDA:481,41,1,0
BRDA:486,42,0,0
BRDA:486,42,1,0
BRDA:486,43,0,0
BRDA:486,43,1,0
BRDA:513,44,0,0
BRDA:513,44,1,0
BRDA:523,45,0,0
BRDA:523,45,1,0
BRDA:524,46,0,0
BRDA:524,46,1,0
BRDA:543,47,0,0
BRDA:543,47,1,0
BRDA:551,48,0,0
BRDA:551,48,1,0
BRDA:559,49,0,0
BRDA:559,49,1,0
BRDA:573,50,0,0
BRDA:573,50,1,0
BRDA:580,51,0,0
BRDA:580,51,1,0
BRDA:585,52,0,0
BRDA:585,52,1,0
BRDA:585,53,0,0
BRDA:585,53,1,0
BRDA:599,54,0,0
BRDA:599,54,1,0
BRDA:599,55,0,0
BRDA:599,55,1,0
BRDA:599,55,2,0
BRDA:622,56,0,0
BRDA:622,56,1,0
BRF:112
BRH:0
end_of_record
TN:
SF:src/handlers/paws.js
FN:62,(anonymous_0)
FN:91,(anonymous_1)
FN:147,(anonymous_2)
FN:237,(anonymous_3)
FN:302,(anonymous_4)
FN:403,(anonymous_5)
FN:435,(anonymous_6)
FN:455,(anonymous_7)
FNF:8
FNH:0
FNDA:0,(anonymous_0)
FNDA:0,(anonymous_1)
FNDA:0,(anonymous_2)
FNDA:0,(anonymous_3)
FNDA:0,(anonymous_4)
FNDA:0,(anonymous_5)
FNDA:0,(anonymous_6)
FNDA:0,(anonymous_7)
DA:12,1
DA:15,1
DA:18,1
DA:25,1
DA:45,1
DA:62,1
DA:63,0
DA:64,0
DA:65,0
DA:67,0
DA:69,0
DA:81,0
DA:82,0
DA:91,1
DA:92,0
DA:93,0
DA:94,0
DA:105,0
DA:107,0
DA:109,0
DA:121,0
DA:123,0
DA:137,0
DA:138,0
DA:147,1
DA:148,0
DA:149,0
DA:150,0
DA:152,0
DA:155,0
DA:170,0
DA:171,0
DA:173,0
DA:174,0
DA:182,0
DA:188,0
DA:189,0
DA:196,0
DA:207,0
DA:218,0
DA:220,0
DA:221,0
DA:228,0
DA:237,1
DA:238,0
DA:239,0
DA:240,0
DA:242,0
DA:245,0
DA:246,0
DA:247,0
DA:254,0
DA:264,0
DA:275,0
DA:277,0
DA:278,0
DA:285,0
DA:286,0
DA:293,0
DA:302,1
DA:303,0
DA:304,0
DA:305,0
DA:308,0
DA:309,0
DA:317,0
DA:322,0
DA:323,0
DA:330,0
DA:333,0
DA:334,0
DA:335,0
DA:343,0
DA:344,0
DA:346,0
DA:347,0
DA:354,0
DA:362,0
DA:376,0
DA:378,0
DA:379,0
DA:386,0
DA:387,0
DA:394,0
DA:403,1
DA:404,0
DA:405,0
DA:406,0
DA:408,0
DA:409,0
DA:415,0
DA:425,0
DA:426,0
DA:435,1
DA:436,0
DA:437,0
DA:438,0
DA:440,0
DA:445,0
DA:446,0
DA:455,1
DA:456,0
DA:457,0
DA:559,0
DA:564,0
DA:565,0
LF:106
LH:13
BRDA:101,0,0,0
BRDA:102,1,0,0
BRDA:103,2,0,0
BRDA:104,3,0,0
BRDA:170,4,0,0
BRDA:170,4,1,0
BRDA:173,5,0,0
BRDA:173,5,1,0
BRDA:188,6,0,0
BRDA:188,6,1,0
BRDA:220,7,0,0
BRDA:220,7,1,0
BRDA:220,8,0,0
BRDA:220,8,1,0
BRDA:246,9,0,0
BRDA:246,9,1,0
BRDA:277,10,0,0
BRDA:277,10,1,0
BRDA:285,11,0,0
BRDA:285,11,1,0
BRDA:285,12,0,0
BRDA:285,12,1,0
BRDA:308,13,0,0
BRDA:308,13,1,0
BRDA:322,14,0,0
BRDA:322,14,1,0
BRDA:334,15,0,0
BRDA:334,15,1,0
BRDA:346,16,0,0
BRDA:346,16,1,0
BRDA:378,17,0,0
BRDA:378,17,1,0
BRDA:378,18,0,0
BRDA:378,18,1,0
BRDA:386,19,0,0
BRDA:386,19,1,0
BRDA:386,20,0,0
BRDA:386,20,1,0
BRDA:406,21,0,0
BRDA:406,22,0,0
BRDA:406,23,0,0
BRF:41
BRH:0
end_of_record
TN:
SF:src/handlers/pets.js
FN:61,(anonymous_0)
FN:91,(anonymous_1)
FN:139,(anonymous_2)
FN:173,(anonymous_3)
FN:217,(anonymous_4)
FN:256,(anonymous_5)
FN:267,(anonymous_6)
FN:304,(anonymous_7)
FN:345,(anonymous_8)
FN:400,(anonymous_9)
FNF:10
FNH:1
FNDA:1,(anonymous_0)
FNDA:0,(anonymous_1)
FNDA:0,(anonymous_2)
FNDA:0,(anonymous_3)
FNDA:0,(anonymous_4)
FNDA:0,(anonymous_5)
FNDA:0,(anonymous_6)
FNDA:0,(anonymous_7)
FNDA:0,(anonymous_8)
FNDA:0,(anonymous_9)
DA:12,3
DA:15,3
DA:18,3
DA:58,3
DA:61,3
DA:62,1
DA:63,1
DA:64,1
DA:65,1
DA:67,1
DA:68,1
DA:73,1
DA:81,0
DA:82,0
DA:91,3
DA:92,0
DA:93,0
DA:94,0
DA:96,0
DA:97,0
DA:100,0
DA:101,0
DA:102,0
DA:103,0
DA:108,0
DA:111,0
DA:120,0
DA:122,0
DA:123,0
DA:130,0
DA:139,3
DA:140,0
DA:141,0
DA:142,0
DA:144,0
DA:145,0
DA:147,0
DA:154,0
DA:156,0
DA:157,0
DA:164,0
DA:173,3
DA:174,0
DA:175,0
DA:176,0
DA:177,0
DA:179,0
DA:180,0
DA:182,0
DA:190,0
DA:192,0
DA:193,0
DA:200,0
DA:201,0
DA:208,0
DA:217,3
DA:218,0
DA:219,0
DA:220,0
DA:222,0
DA:223,0
DA:225,0
DA:230,0
DA:232,0
DA:233,0
DA:240,0
DA:249,3
DA:257,0
DA:258,0
DA:259,0
DA:260,0
DA:262,0
DA:263,0
DA:267,0
DA:270,0
DA:276,0
DA:278,0
DA:279,0
DA:286,0
DA:287,0
DA:294,0
DA:304,3
DA:305,0
DA:306,0
DA:307,0
DA:308,0
DA:310,0
DA:311,0
DA:313,0
DA:318,0
DA:320,0
DA:321,0
DA:328,0
DA:329,0
DA:336,0
DA:345,3
DA:346,0
DA:347,0
DA:348,0
DA:349,0
DA:350,0
DA:353,0
DA:358,0
DA:359,0
DA:366,0
DA:367,0
DA:369,0
DA:371,0
DA:372,0
DA:373,0
DA:380,0
DA:390,0
DA:391,0
DA:400,3
DA:401,0
DA:402,0
DA:403,0
DA:406,0
DA:411,0
DA:412,0
DA:419,0
DA:420,0
DA:421,0
DA:434,0
DA:455,0
DA:456,0
LF:126
LH:20
BRDA:65,0,0,1
BRDA:122,1,0,0
BRDA:122,1,1,0
BRDA:122,2,0,0
BRDA:122,2,1,0
BRDA:156,3,0,0
BRDA:156,3,1,0
BRDA:156,4,0,0
BRDA:156,4,1,0
BRDA:192,5,0,0
BRDA:192,5,1,0
BRDA:192,6,0,0
BRDA:192,6,1,0
BRDA:200,7,0,0
BRDA:200,7,1,0
BRDA:200,8,0,0
BRDA:200,8,1,0
BRDA:232,9,0,0
BRDA:232,9,1,0
BRDA:232,10,0,0
BRDA:232,10,1,0
BRDA:278,11,0,0
BRDA:278,11,1,0
BRDA:278,12,0,0
BRDA:278,12,1,0
BRDA:286,13,0,0
BRDA:286,13,1,0
BRDA:286,14,0,0
BRDA:286,14,1,0
BRDA:320,15,0,0
BRDA:320,15,1,0
BRDA:328,16,0,0
BRDA:328,16,1,0
BRDA:350,17,0,0
BRDA:350,18,0,0
BRDA:358,19,0,0
BRDA:358,19,1,0
BRDA:358,20,0,0
BRDA:358,20,1,0
BRDA:372,21,0,0
BRDA:372,21,1,0
BRDA:411,22,0,0
BRDA:411,22,1,0
BRDA:411,23,0,0
BRDA:411,23,1,0
BRDA:420,24,0,0
BRDA:420,24,1,0
BRDA:420,25,0,0
BRDA:420,25,1,0
BRDA:440,26,0,0
BRDA:440,26,1,0
BRF:51
BRH:1
end_of_record
TN:
SF:src/handlers/products.js
FN:30,(anonymous_0)
FN:110,(anonymous_1)
FN:139,(anonymous_2)
FN:210,(anonymous_3)
FN:233,(anonymous_4)
FN:312,(anonymous_5)
FN:322,(anonymous_6)
FN:358,(anonymous_7)
FN:372,(anonymous_8)
FN:408,(anonymous_9)
FN:477,(anonymous_10)
FNF:11
FNH:0
FNDA:0,(anonymous_0)
FNDA:0,(anonymous_1)
FNDA:0,(anonymous_2)
FNDA:0,(anonymous_3)
FNDA:0,(anonymous_4)
FNDA:0,(anonymous_5)
FNDA:0,(anonymous_6)
FNDA:0,(anonymous_7)
FNDA:0,(anonymous_8)
FNDA:0,(anonymous_9)
FNDA:0,(anonymous_10)
DA:11,1
DA:14,1
DA:30,1
DA:31,0
DA:32,0
DA:33,0
DA:35,0
DA:36,0
DA:38,0
DA:39,0
DA:42,0
DA:43,0
DA:46,0
DA:47,0
DA:48,0
DA:51,0
DA:52,0
DA:53,0
DA:56,0
DA:57,0
DA:58,0
DA:61,0
DA:62,0
DA:63,0
DA:66,0
DA:67,0
DA:68,0
DA:71,0
DA:72,0
DA:73,0
DA:77,0
DA:79,0
DA:83,0
DA:100,0
DA:110,0
DA:116,0
DA:129,0
DA:130,0
DA:139,1
DA:140,0
DA:141,0
DA:142,0
DA:144,0
DA:157,0
DA:158,0
DA:166,0
DA:182,0
DA:210,0
DA:216,0
DA:223,0
DA:224,0
DA:233,1
DA:234,0
DA:235,0
DA:236,0
DA:237,0
DA:244,0
DA:247,0
DA:252,0
DA:253,0
DA:260,0
DA:261,0
DA:263,0
DA:264,0
DA:265,0
DA:268,0
DA:269,0
DA:272,0
DA:277,0
DA:291,0
DA:301,0
DA:312,0
DA:318,0
DA:319,0
DA:320,0
DA:322,0
DA:323,0
DA:324,0
DA:325,0
DA:328,0
DA:330,0
DA:348,0
DA:349,0
DA:358,1
DA:359,0
DA:360,0
DA:371,0
DA:372,0
DA:373,0
DA:374,0
DA:381,0
DA:382,0
DA:388,0
DA:391,0
DA:398,0
DA:399,0
DA:408,1
DA:409,0
DA:410,0
DA:411,0
DA:419,0
DA:421,0
DA:422,0
DA:429,0
DA:433,0
DA:434,0
DA:436,0
DA:437,0
DA:438,0
DA:441,0
DA:442,0
DA:443,0
DA:446,0
DA:447,0
DA:448,0
DA:451,0
DA:467,0
DA:477,0
DA:483,0
DA:497,0
DA:498,0
LF:121
LH:7
BRDA:38,0,0,0
BRDA:38,0,1,0
BRDA:42,1,0,0
BRDA:42,1,1,0
BRDA:46,2,0,0
BRDA:46,2,1,0
BRDA:51,3,0,0
BRDA:51,3,1,0
BRDA:56,4,0,0
BRDA:56,4,1,0
BRDA:61,5,0,0
BRDA:61,5,1,0
BRDA:66,6,0,0
BRDA:66,6,1,0
BRDA:71,7,0,0
BRDA:71,7,1,0
BRDA:79,8,0,0
BRDA:79,8,1,0
BRDA:80,9,0,0
BRDA:80,9,1,0
BRDA:81,10,0,0
BRDA:81,10,1,0
BRDA:110,11,0,0
BRDA:110,11,1,0
BRDA:113,12,0,0
BRDA:113,12,1,0
BRDA:121,13,0,0
BRDA:121,13,1,0
BRDA:124,14,0,0
BRDA:124,14,1,0
BRDA:157,15,0,0
BRDA:157,15,1,0
BRDA:185,16,0,0
BRDA:185,16,1,0
BRDA:186,17,0,0
BRDA:186,17,1,0
BRDA:187,18,0,0
BRDA:187,18,1,0
BRDA:188,19,0,0
BRDA:188,19,1,0
BRDA:189,20,0,0
BRDA:189,20,1,0
BRDA:190,21,0,0
BRDA:190,21,1,0
BRDA:191,22,0,0
BRDA:191,22,1,0
BRDA:210,23,0,0
BRDA:210,23,1,0
BRDA:212,24,0,0
BRDA:212,24,1,0
BRDA:240,25,0,0
BRDA:241,26,0,0
BRDA:242,27,0,0
BRDA:243,28,0,0
BRDA:252,29,0,0
BRDA:252,29,1,0
BRDA:263,30,0,0
BRDA:263,30,1,0
BRDA:268,31,0,0
BRDA:268,31,1,0
BRDA:272,32,0,0
BRDA:272,32,1,0
BRDA:273,33,0,0
BRDA:273,33,1,0
BRDA:274,34,0,0
BRDA:274,34,1,0
BRDA:275,35,0,0
BRDA:275,35,1,0
BRDA:312,36,0,0
BRDA:312,36,1,0
BRDA:314,37,0,0
BRDA:314,37,1,0
BRDA:315,38,0,0
BRDA:315,38,1,0
BRDA:322,39,0,0
BRDA:322,39,1,0
BRDA:328,40,0,0
BRDA:328,40,1,0
BRDA:340,41,0,0
BRDA:340,41,1,0
BRDA:343,42,0,0
BRDA:343,42,1,0
BRDA:372,43,0,0
BRDA:372,43,1,0
BRDA:373,44,0,0
BRDA:373,44,1,0
BRDA:381,45,0,0
BRDA:381,45,1,0
BRDA:417,46,0,0
BRDA:418,47,0,0
BRDA:421,48,0,0
BRDA:421,48,1,0
BRDA:421,49,0,0
BRDA:421,49,1,0
BRDA:436,50,0,0
BRDA:436,50,1,0
BRDA:441,51,0,0
BRDA:441,51,1,0
BRDA:446,52,0,0
BRDA:446,52,1,0
BRDA:477,53,0,0
BRDA:477,53,1,0
BRDA:480,54,0,0
BRDA:480,54,1,0
BRDA:489,55,0,0
BRDA:489,55,1,0
BRDA:492,56,0,0
BRDA:492,56,1,0
BRF:108
BRH:0
end_of_record
TN:
SF:src/handlers/suppliers.js
FN:66,(anonymous_0)
FN:102,(anonymous_1)
FN:133,(anonymous_2)
FN:155,(anonymous_3)
FN:177,(anonymous_4)
FN:231,(anonymous_5)
FN:265,(anonymous_6)
FN:329,(anonymous_7)
FN:376,(anonymous_8)
FN:418,(anonymous_9)
FN:495,(anonymous_10)
FN:535,(anonymous_11)
FN:558,(anonymous_12)
FNF:13
FNH:5
FNDA:5,(anonymous_0)
FNDA:1,(anonymous_1)
FNDA:1,(anonymous_2)
FNDA:0,(anonymous_3)
FNDA:5,(anonymous_4)
FNDA:2,(anonymous_5)
FNDA:0,(anonymous_6)
FNDA:0,(anonymous_7)
FNDA:0,(anonymous_8)
FNDA:0,(anonymous_9)
FNDA:0,(anonymous_10)
FNDA:0,(anonymous_11)
FNDA:0,(anonymous_12)
DA:13,2
DA:16,2
DA:36,2
DA:44,2
DA:66,2
DA:67,5
DA:68,5
DA:69,5
DA:71,5
DA:72,5
DA:74,5
DA:92,0
DA:93,0
DA:102,2
DA:103,1
DA:104,1
DA:105,1
DA:106,1
DA:108,1
DA:109,1
DA:115,1
DA:123,0
DA:124,0
DA:133,2
DA:134,1
DA:135,1
DA:136,1
DA:138,1
DA:145,0
DA:146,0
DA:155,2
DA:156,0
DA:157,0
DA:158,0
DA:160,0
DA:167,0
DA:168,0
DA:177,2
DA:178,5
DA:179,5
DA:180,5
DA:188,5
DA:190,5
DA:191,1
DA:198,4
DA:199,4
DA:209,4
DA:221,0
DA:222,0
DA:231,2
DA:232,2
DA:233,2
DA:234,2
DA:236,2
DA:237,2
DA:239,1
DA:246,1
DA:248,1
DA:249,0
DA:256,1
DA:265,2
DA:266,0
DA:267,0
DA:268,0
DA:269,0
DA:280,0
DA:282,0
DA:283,0
DA:295,0
DA:310,0
DA:312,0
DA:313,0
DA:320,0
DA:329,2
DA:330,0
DA:331,0
DA:332,0
DA:340,0
DA:342,0
DA:343,0
DA:351,0
DA:366,0
DA:367,0
DA:376,2
DA:377,0
DA:378,0
DA:379,0
DA:380,0
DA:383,0
DA:388,0
DA:389,0
DA:396,0
DA:397,0
DA:399,0
DA:408,0
DA:409,0
DA:418,2
DA:419,0
DA:420,0
DA:421,0
DA:422,0
DA:425,0
DA:430,0
DA:431,0
DA:439,0
DA:444,0
DA:445,0
DA:452,0
DA:453,0
DA:456,0
DA:457,0
DA:458,0
DA:459,0
DA:464,0
DA:467,0
DA:476,0
DA:478,0
DA:479,0
DA:486,0
DA:495,2
DA:496,0
DA:497,0
DA:498,0
DA:500,0
DA:501,0
DA:503,0
DA:508,0
DA:510,0
DA:511,0
DA:518,0
DA:519,0
DA:526,0
DA:535,2
DA:536,0
DA:537,0
DA:538,0
DA:540,0
DA:541,0
DA:543,0
DA:548,0
DA:549,0
DA:558,2
DA:559,0
DA:560,0
DA:561,0
DA:562,0
DA:564,0
DA:565,0
DA:570,0
DA:584,0
DA:585,0
LF:151
LH:52
BRDA:106,0,0,0
BRDA:184,1,0,0
BRDA:185,2,0,5
BRDA:187,3,0,4
BRDA:190,4,0,1
BRDA:190,4,1,4
BRDA:190,5,0,5
BRDA:190,5,1,4
BRDA:248,6,0,0
BRDA:248,6,1,1
BRDA:276,7,0,0
BRDA:277,8,0,0
BRDA:278,9,0,0
BRDA:279,10,0,0
BRDA:286,11,0,0
BRDA:286,11,1,0
BRDA:287,12,0,0
BRDA:287,12,1,0
BRDA:312,13,0,0
BRDA:312,13,1,0
BRDA:335,14,0,0
BRDA:337,15,0,0
BRDA:338,16,0,0
BRDA:339,17,0,0
BRDA:345,18,0,0
BRDA:345,18,1,0
BRDA:388,19,0,0
BRDA:388,19,1,0
BRDA:430,20,0,0
BRDA:430,20,1,0
BRDA:444,21,0,0
BRDA:444,21,1,0
BRDA:478,22,0,0
BRDA:478,22,1,0
BRDA:478,23,0,0
BRDA:478,23,1,0
BRDA:510,24,0,0
BRDA:510,24,1,0
BRDA:518,25,0,0
BRDA:518,25,1,0
BRDA:562,26,0,0
BRDA:562,27,0,0
BRF:42
BRH:7
end_of_record
TN:
SF:src/handlers/users.js
FN:33,(anonymous_0)
FN:57,(anonymous_1)
FN:92,(anonymous_2)
FN:176,(anonymous_3)
FN:226,(anonymous_4)
FN:258,(anonymous_5)
FN:299,(anonymous_6)
FNF:7
FNH:0
FNDA:0,(anonymous_0)
FNDA:0,(anonymous_1)
FNDA:0,(anonymous_2)
FNDA:0,(anonymous_3)
FNDA:0,(anonymous_4)
FNDA:0,(anonymous_5)
FNDA:0,(anonymous_6)
DA:12,1
DA:15,1
DA:18,1
DA:33,1
DA:34,0
DA:35,0
DA:36,0
DA:38,0
DA:40,0
DA:47,0
DA:48,0
DA:57,1
DA:58,0
DA:59,0
DA:60,0
DA:61,0
DA:63,0
DA:65,0
DA:73,0
DA:75,0
DA:76,0
DA:83,0
DA:92,1
DA:93,0
DA:94,0
DA:97,0
DA:102,0
DA:107,0
DA:112,0
DA:124,0
DA:139,0
DA:158,0
DA:166,0
DA:167,0
DA:176,1
DA:177,0
DA:178,0
DA:181,0
DA:193,0
DA:208,0
DA:214,0
DA:225,0
DA:226,0
DA:243,0
DA:248,0
DA:249,0
DA:258,1
DA:259,0
DA:260,0
DA:261,0
DA:265,0
DA:266,0
DA:267,0
DA:281,0
DA:293,0
DA:295,0
DA:299,0
DA:306,0
DA:307,0
LF:59
LH:8
BRDA:75,0,0,0
BRDA:75,0,1,0
BRDA:75,1,0,0
BRDA:75,1,1,0
BRDA:141,2,0,0
BRDA:141,2,1,0
BRDA:144,3,0,0
BRDA:144,3,1,0
BRDA:145,4,0,0
BRDA:145,4,1,0
BRDA:148,5,0,0
BRDA:148,5,1,0
BRDA:149,6,0,0
BRDA:149,6,1,0
BRDA:152,7,0,0
BRDA:152,7,1,0
BRDA:153,8,0,0
BRDA:153,8,1,0
BRDA:154,9,0,0
BRDA:154,9,1,0
BRDA:226,10,0,0
BRDA:226,10,1,0
BRDA:228,11,0,0
BRDA:228,11,1,0
BRDA:230,12,0,0
BRDA:230,12,1,0
BRDA:232,13,0,0
BRDA:232,13,1,0
BRDA:233,14,0,0
BRDA:233,14,1,0
BRDA:234,15,0,0
BRDA:234,15,1,0
BRDA:237,16,0,0
BRDA:237,16,1,0
BRDA:238,17,0,0
BRDA:238,17,1,0
BRDA:261,18,0,0
BRDA:261,19,0,0
BRDA:265,20,0,0
BRDA:265,20,1,0
BRDA:299,21,0,0
BRDA:299,21,1,0
BRF:42
BRH:0
end_of_record
TN:
SF:src/middleware/auth.js
FN:12,(anonymous_0)
FN:117,(anonymous_1)
FN:177,(anonymous_2)
FN:240,(anonymous_3)
FN:242,(anonymous_4)
FN:270,(anonymous_5)
FN:272,(anonymous_6)
FN:301,(anonymous_7)
FN:327,(anonymous_8)
FNF:9
FNH:2
FNDA:37,(anonymous_0)
FNDA:0,(anonymous_1)
FNDA:13,(anonymous_2)
FNDA:0,(anonymous_3)
FNDA:0,(anonymous_4)
FNDA:0,(anonymous_5)
FNDA:0,(anonymous_6)
FNDA:0,(anonymous_7)
FNDA:0,(anonymous_8)
DA:12,6
DA:13,37
DA:14,37
DA:16,37
DA:17,34
DA:24,3
DA:26,3
DA:27,0
DA:35,3
DA:36,3
DA:37,0
DA:45,3
DA:47,3
DA:48,3
DA:50,0
DA:52,0
DA:53,0
DA:60,0
DA:61,0
DA:68,0
DA:76,3
DA:77,0
DA:85,3
DA:86,0
DA:94,3
DA:104,3
DA:105,0
DA:113,3
DA:114,0
DA:115,0
DA:117,0
DA:118,0
DA:127,3
DA:128,3
DA:129,3
DA:138,3
DA:142,0
DA:147,3
DA:159,3
DA:160,3
DA:162,3
DA:164,0
DA:165,0
DA:177,6
DA:178,13
DA:179,13
DA:181,13
DA:182,0
DA:184,0
DA:186,0
DA:187,0
DA:188,0
DA:189,0
DA:190,0
DA:192,0
DA:194,0
DA:204,0
DA:205,0
DA:216,0
DA:217,0
DA:222,0
DA:228,13
DA:230,0
DA:232,0
DA:240,6
DA:242,0
DA:243,0
DA:245,0
DA:246,0
DA:254,0
DA:255,0
DA:262,0
DA:270,6
DA:272,0
DA:273,0
DA:275,0
DA:276,0
DA:283,0
DA:285,0
DA:286,0
DA:293,0
DA:301,6
DA:302,0
DA:304,0
DA:305,0
DA:312,0
DA:313,0
DA:320,0
DA:327,6
DA:328,0
DA:330,0
DA:331,0
DA:338,0
DA:339,0
DA:346,0
LF:95
LH:34
BRDA:16,0,0,34
BRDA:16,0,1,3
BRDA:16,1,0,37
BRDA:16,1,1,3
BRDA:26,2,0,0
BRDA:26,2,1,3
BRDA:36,3,0,0
BRDA:36,3,1,3
BRDA:47,4,0,3
BRDA:47,4,1,0
BRDA:52,5,0,0
BRDA:52,5,1,0
BRDA:60,6,0,0
BRDA:60,6,1,0
BRDA:76,7,0,0
BRDA:76,7,1,3
BRDA:76,8,0,3
BRDA:76,8,1,3
BRDA:76,8,2,3
BRDA:85,9,0,0
BRDA:85,9,1,3
BRDA:104,10,0,0
BRDA:104,10,1,3
BRDA:113,11,0,0
BRDA:113,11,1,3
BRDA:113,12,0,3
BRDA:113,12,1,0
BRDA:117,13,0,0
BRDA:117,13,1,0
BRDA:181,14,0,0
BRDA:181,14,1,13
BRDA:181,15,0,13
BRDA:181,15,1,0
BRDA:184,16,0,0
BRDA:184,16,1,0
BRDA:187,17,0,0
BRDA:187,17,1,0
BRDA:189,18,0,0
BRDA:189,18,1,0
BRDA:192,19,0,0
BRDA:192,19,1,0
BRDA:192,20,0,0
BRDA:192,20,1,0
BRDA:204,21,0,0
BRDA:204,21,1,0
BRDA:245,22,0,0
BRDA:245,22,1,0
BRDA:254,23,0,0
BRDA:254,23,1,0
BRDA:254,24,0,0
BRDA:254,24,1,0
BRDA:275,25,0,0
BRDA:275,25,1,0
BRDA:285,26,0,0
BRDA:285,26,1,0
BRDA:304,27,0,0
BRDA:304,27,1,0
BRDA:312,28,0,0
BRDA:312,28,1,0
BRDA:330,29,0,0
BRDA:330,29,1,0
BRDA:338,30,0,0
BRDA:338,30,1,0
BRF:63
BRH:17
end_of_record
TN:
SF:src/middleware/error-handler.js
FN:12,(anonymous_0)
FN:54,(anonymous_1)
FN:166,getStatusCodeFromErrorCode
FN:224,(anonymous_3)
FN:238,(anonymous_4)
FN:239,(anonymous_5)
FN:253,(anonymous_6)
FN:289,(anonymous_7)
FNF:8
FNH:0
FNDA:0,(anonymous_0)
FNDA:0,(anonymous_1)
FNDA:0,getStatusCodeFromErrorCode
FNDA:0,(anonymous_3)
FNDA:0,(anonymous_4)
FNDA:0,(anonymous_5)
FNDA:0,(anonymous_6)
FNDA:0,(anonymous_7)
DA:12,1
DA:13,0
DA:23,0
DA:24,0
DA:33,0
DA:34,0
DA:43,0
DA:44,0
DA:53,0
DA:54,0
DA:60,0
DA:70,0
DA:71,0
DA:79,0
DA:80,0
DA:89,0
DA:90,0
DA:99,0
DA:100,0
DA:109,0
DA:110,0
DA:119,0
DA:120,0
DA:121,0
DA:130,0
DA:131,0
DA:140,0
DA:141,0
DA:150,0
DA:167,0
DA:213,0
DA:225,0
DA:226,0
DA:227,0
DA:228,0
DA:229,0
DA:238,1
DA:239,0
DA:240,0
DA:241,0
DA:243,0
DA:253,1
DA:254,0
DA:255,0
DA:268,0
DA:280,0
DA:289,1
DA:290,0
DA:292,0
DA:293,0
DA:294,0
DA:296,0
DA:305,0
LF:53
LH:4
BRDA:19,0,0,0
BRDA:19,0,1,0
BRDA:23,1,0,0
BRDA:23,1,1,0
BRDA:23,2,0,0
BRDA:23,2,1,0
BRDA:33,3,0,0
BRDA:33,3,1,0
BRDA:43,4,0,0
BRDA:43,4,1,0
BRDA:53,5,0,0
BRDA:53,5,1,0
BRDA:70,6,0,0
BRDA:70,6,1,0
BRDA:79,7,0,0
BRDA:79,7,1,0
BRDA:89,8,0,0
BRDA:89,8,1,0
BRDA:89,9,0,0
BRDA:89,9,1,0
BRDA:99,10,0,0
BRDA:99,10,1,0
BRDA:99,11,0,0
BRDA:99,11,1,0
BRDA:109,12,0,0
BRDA:109,12,1,0
BRDA:109,13,0,0
BRDA:109,13,1,0
BRDA:109,13,2,0
BRDA:119,14,0,0
BRDA:119,14,1,0
BRDA:130,15,0,0
BRDA:130,15,1,0
BRDA:130,16,0,0
BRDA:130,16,1,0
BRDA:140,17,0,0
BRDA:140,17,1,0
BRDA:140,18,0,0
BRDA:140,18,1,0
BRDA:153,19,0,0
BRDA:153,19,1,0
BRDA:156,20,0,0
BRDA:156,20,1,0
BRDA:213,21,0,0
BRDA:213,21,1,0
BRDA:224,22,0,0
BRDA:258,23,0,0
BRDA:258,23,1,0
BRDA:311,24,0,0
BRDA:311,24,1,0
BRF:50
BRH:0
end_of_record
TN:
SF:src/middleware/rate-limiter.js
FN:11,(anonymous_0)
FN:85,getRateLimits
FN:256,(anonymous_2)
FN:290,(anonymous_3)
FN:313,(anonymous_4)
FN:323,(anonymous_5)
FNF:6
FNH:0
FNDA:0,(anonymous_0)
FNDA:0,getRateLimits
FNDA:0,(anonymous_2)
FNDA:0,(anonymous_3)
FNDA:0,(anonymous_4)
FNDA:0,(anonymous_5)
DA:11,1
DA:12,0
DA:13,0
DA:14,0
DA:15,0
DA:16,0
DA:19,0
DA:21,0
DA:23,0
DA:24,0
DA:27,0
DA:30,0
DA:31,0
DA:32,0
DA:35,0
DA:36,0
DA:39,0
DA:40,0
DA:41,0
DA:44,0
DA:45,0
DA:46,0
DA:47,0
DA:49,0
DA:58,0
DA:59,0
DA:61,0
DA:66,0
DA:67,0
DA:68,0
DA:70,0
DA:72,0
DA:74,0
DA:87,0
DA:96,0
DA:99,0
DA:100,0
DA:101,0
DA:108,0
DA:109,0
DA:116,0
DA:124,0
DA:125,0
DA:133,0
DA:134,0
DA:135,0
DA:142,0
DA:143,0
DA:150,0
DA:158,0
DA:159,0
DA:167,0
DA:168,0
DA:169,0
DA:176,0
DA:184,0
DA:185,0
DA:186,0
DA:193,0
DA:201,0
DA:202,0
DA:203,0
DA:210,0
DA:218,0
DA:219,0
DA:227,0
DA:228,0
DA:229,0
DA:235,0
DA:244,0
DA:256,1
DA:257,0
DA:258,0
DA:259,0
DA:261,0
DA:262,0
DA:264,0
DA:265,0
DA:267,0
DA:274,0
DA:275,0
DA:290,1
DA:291,0
DA:292,0
DA:294,0
DA:295,0
DA:296,0
DA:300,0
DA:303,0
DA:304,0
DA:313,1
DA:321,0
DA:323,0
DA:324,0
DA:325,0
DA:326,0
DA:327,0
DA:329,0
DA:330,0
DA:332,0
DA:333,0
DA:335,0
DA:336,0
DA:337,0
DA:340,0
DA:341,0
DA:343,0
DA:351,0
DA:354,0
DA:356,0
DA:360,0
DA:361,0
DA:362,0
DA:364,0
DA:369,0
LF:115
LH:4
BRDA:13,0,0,0
BRDA:13,0,1,0
BRDA:21,1,0,0
BRDA:21,1,1,0
BRDA:30,2,0,0
BRDA:30,2,1,0
BRDA:36,3,0,0
BRDA:36,3,1,0
BRDA:39,4,0,0
BRDA:39,4,1,0
BRDA:85,5,0,0
BRDA:96,6,0,0
BRDA:96,6,1,0
BRDA:99,7,0,0
BRDA:99,7,1,0
BRDA:100,8,0,0
BRDA:100,8,1,0
BRDA:100,9,0,0
BRDA:100,9,1,0
BRDA:108,10,0,0
BRDA:108,10,1,0
BRDA:108,11,0,0
BRDA:108,11,1,0
BRDA:124,12,0,0
BRDA:124,12,1,0
BRDA:124,13,0,0
BRDA:124,13,1,0
BRDA:133,14,0,0
BRDA:133,14,1,0
BRDA:134,15,0,0
BRDA:134,15,1,0
BRDA:142,16,0,0
BRDA:142,16,1,0
BRDA:158,17,0,0
BRDA:158,17,1,0
BRDA:167,18,0,0
BRDA:167,18,1,0
BRDA:168,19,0,0
BRDA:168,19,1,0
BRDA:184,20,0,0
BRDA:184,20,1,0
BRDA:185,21,0,0
BRDA:185,21,1,0
BRDA:201,22,0,0
BRDA:201,22,1,0
BRDA:202,23,0,0
BRDA:202,23,1,0
BRDA:202,24,0,0
BRDA:202,24,1,0
BRDA:218,25,0,0
BRDA:218,25,1,0
BRDA:218,26,0,0
BRDA:218,26,1,0
BRDA:227,27,0,0
BRDA:227,27,1,0
BRDA:228,28,0,0
BRDA:228,28,1,0
BRDA:262,29,0,0
BRDA:262,29,1,0
BRDA:271,30,0,0
BRDA:271,30,1,0
BRDA:292,31,0,0
BRDA:292,31,1,0
BRDA:315,32,0,0
BRDA:316,33,0,0
BRDA:317,34,0,0
BRDA:318,35,0,0
BRDA:319,36,0,0
BRDA:320,37,0,0
BRDA:325,38,0,0
BRDA:325,38,1,0
BRDA:327,39,0,0
BRDA:327,39,1,0
BRDA:333,40,0,0
BRDA:333,40,1,0
BRDA:335,41,0,0
BRDA:335,41,1,0
BRDA:336,42,0,0
BRDA:336,42,1,0
BRDA:356,43,0,0
BRDA:356,43,1,0
BRDA:356,43,2,0
BRDA:356,43,3,0
BRDA:360,44,0,0
BRDA:360,44,1,0
BRF:85
BRH:0
end_of_record
TN:
SF:src/middleware/validation.js
FN:14,(anonymous_0)
FN:15,(anonymous_1)
FN:44,(anonymous_2)
FN:78,(anonymous_3)
FN:86,(anonymous_4)
FN:164,(anonymous_5)
FN:249,(anonymous_6)
FN:281,(anonymous_7)
FN:282,(anonymous_8)
FNF:9
FNH:4
FNDA:37,(anonymous_0)
FNDA:12,(anonymous_1)
FNDA:1,(anonymous_2)
FNDA:3,(anonymous_3)
FNDA:0,(anonymous_4)
FNDA:0,(anonymous_5)
FNDA:0,(anonymous_6)
FNDA:0,(anonymous_7)
FNDA:0,(anonymous_8)
DA:14,6
DA:15,37
DA:16,12
DA:19,12
DA:21,5
DA:22,5
DA:24,0
DA:25,0
DA:28,7
DA:29,7
DA:31,0
DA:37,7
DA:41,12
DA:43,12
DA:44,1
DA:50,1
DA:59,11
DA:61,11
DA:63,0
DA:64,0
DA:78,6
DA:84,3
DA:86,3
DA:87,0
DA:88,0
DA:89,0
DA:91,0
DA:92,0
DA:99,0
DA:100,0
DA:101,0
DA:108,0
DA:109,0
DA:112,0
DA:113,0
DA:121,0
DA:122,0
DA:130,0
DA:133,0
DA:135,0
DA:136,0
DA:148,6
DA:165,0
DA:166,0
DA:168,0
DA:249,6
DA:250,0
DA:252,0
DA:259,0
DA:260,0
DA:263,0
DA:264,0
DA:265,0
DA:266,0
DA:268,0
DA:271,0
DA:281,6
DA:282,0
DA:283,0
DA:284,0
DA:285,0
DA:286,0
DA:288,0
DA:289,0
DA:291,0
DA:292,0
DA:301,0
DA:305,0
DA:307,0
DA:309,0
LF:70
LH:21
BRDA:14,0,0,33
BRDA:19,1,0,5
BRDA:19,1,1,0
BRDA:19,1,2,7
BRDA:19,1,3,7
BRDA:43,2,0,1
BRDA:43,2,1,11
BRDA:78,3,0,0
BRDA:80,4,0,0
BRDA:81,5,0,0
BRDA:82,6,0,0
BRDA:83,7,0,0
BRDA:89,8,0,0
BRDA:89,8,1,0
BRDA:89,8,2,0
BRDA:91,9,0,0
BRDA:91,9,1,0
BRDA:91,10,0,0
BRDA:91,10,1,0
BRDA:91,10,2,0
BRDA:99,11,0,0
BRDA:99,11,1,0
BRDA:99,12,0,0
BRDA:99,12,1,0
BRDA:100,13,0,0
BRDA:100,13,1,0
BRDA:112,14,0,0
BRDA:112,14,1,0
BRDA:121,15,0,0
BRDA:121,15,1,0
BRDA:165,16,0,0
BRDA:165,16,1,0
BRDA:165,17,0,0
BRDA:165,17,1,0
BRDA:250,18,0,0
BRDA:250,18,1,0
BRDA:259,19,0,0
BRDA:259,19,1,0
BRDA:263,20,0,0
BRDA:263,20,1,0
BRDA:263,21,0,0
BRDA:263,21,1,0
BRDA:285,22,0,0
BRDA:285,22,1,0
BRDA:286,23,0,0
BRDA:286,23,1,0
BRDA:289,24,0,0
BRDA:289,24,1,0
BRDA:291,25,0,0
BRDA:291,25,1,0
BRF:50
BRH:6
end_of_record
TN:
SF:src/services/auth-service.js
FN:12,(anonymous_0)
FN:23,(anonymous_1)
FN:155,(anonymous_2)
FN:239,(anonymous_3)
FN:266,(anonymous_4)
FN:314,(anonymous_5)
FN:398,(anonymous_6)
FN:448,(anonymous_7)
FN:486,(anonymous_8)
FN:511,(anonymous_9)
FN:525,(anonymous_10)
FN:558,(anonymous_11)
FN:580,(anonymous_12)
FN:619,(anonymous_13)
FNF:14
FNH:7
FNDA:11,(anonymous_0)
FNDA:3,(anonymous_1)
FNDA:3,(anonymous_2)
FNDA:2,(anonymous_3)
FNDA:0,(anonymous_4)
FNDA:0,(anonymous_5)
FNDA:0,(anonymous_6)
FNDA:2,(anonymous_7)
FNDA:2,(anonymous_8)
FNDA:2,(anonymous_9)
FNDA:0,(anonymous_10)
FNDA:0,(anonymous_11)
FNDA:0,(anonymous_12)
FNDA:0,(anonymous_13)
DA:13,11
DA:14,11
DA:15,11
DA:24,3
DA:27,3
DA:32,3
DA:33,1
DA:37,2
DA:38,0
DA:41,2
DA:42,0
DA:46,2
DA:49,2
DA:52,2
DA:60,2
DA:69,2
DA:71,2
DA:72,2
DA:90,2
DA:91,0
DA:92,0
DA:94,0
DA:100,2
DA:101,2
DA:103,0
DA:107,2
DA:110,2
DA:116,2
DA:136,2
DA:143,0
DA:144,0
DA:156,3
DA:159,3
DA:171,3
DA:172,3
DA:176,0
DA:177,0
DA:178,0
DA:185,0
DA:186,0
DA:189,0
DA:196,0
DA:202,0
DA:203,0
DA:205,0
DA:208,0
DA:226,0
DA:240,2
DA:242,2
DA:243,2
DA:244,2
DA:246,2
DA:247,2
DA:251,2
DA:256,0
DA:257,0
DA:267,0
DA:279,0
DA:280,0
DA:283,0
DA:315,0
DA:320,0
DA:321,0
DA:322,0
DA:323,0
DA:327,0
DA:328,0
DA:332,0
DA:333,0
DA:335,0
DA:336,0
DA:337,0
DA:338,0
DA:340,0
DA:341,0
DA:345,0
DA:346,0
DA:347,0
DA:350,0
DA:351,0
DA:352,0
DA:357,0
DA:358,0
DA:359,0
DA:360,0
DA:362,0
DA:366,0
DA:367,0
DA:368,0
DA:369,0
DA:370,0
DA:373,0
DA:379,0
DA:380,0
DA:381,0
DA:382,0
DA:383,0
DA:385,0
DA:389,0
DA:400,0
DA:405,0
DA:406,0
DA:410,0
DA:411,0
DA:412,0
DA:416,0
DA:417,0
DA:420,0
DA:421,0
DA:425,0
DA:428,0
DA:434,0
DA:449,2
DA:451,2
DA:459,2
DA:460,2
DA:463,2
DA:464,2
DA:467,2
DA:473,2
DA:487,2
DA:488,2
DA:490,2
DA:512,2
DA:513,2
DA:514,2
DA:515,2
DA:517,2
DA:526,0
DA:528,0
DA:529,0
DA:531,0
DA:532,0
DA:533,0
DA:536,0
DA:537,0
DA:538,0
DA:541,0
DA:542,0
DA:543,0
DA:544,0
DA:546,0
DA:548,0
DA:559,0
DA:560,0
DA:563,0
DA:564,0
DA:573,0
DA:581,0
DA:589,0
DA:590,0
DA:594,0
DA:600,0
DA:606,0
DA:607,0
DA:608,0
DA:609,0
DA:611,0
DA:621,0
DA:627,0
LF:160
LH:50
BRDA:12,0,0,11
BRDA:24,1,0,0
BRDA:32,2,0,1
BRDA:32,2,1,2
BRDA:37,3,0,0
BRDA:37,3,1,2
BRDA:41,4,0,0
BRDA:41,4,1,2
BRDA:90,5,0,0
BRDA:90,5,1,2
BRDA:155,6,0,0
BRDA:156,7,0,0
BRDA:156,8,0,0
BRDA:171,9,0,3
BRDA:171,9,1,0
BRDA:177,10,0,0
BRDA:177,10,1,0
BRDA:185,11,0,0
BRDA:185,11,1,0
BRDA:217,12,0,0
BRDA:217,12,1,0
BRDA:218,13,0,0
BRDA:218,13,1,0
BRDA:243,14,0,2
BRDA:243,14,1,0
BRDA:246,15,0,2
BRDA:246,15,1,0
BRDA:279,16,0,0
BRDA:279,16,1,0
BRDA:295,17,0,0
BRDA:295,17,1,0
BRDA:296,18,0,0
BRDA:296,18,1,0
BRDA:302,19,0,0
BRDA:302,19,1,0
BRDA:322,20,0,0
BRDA:322,20,1,0
BRDA:327,21,0,0
BRDA:327,21,1,0
BRDA:336,22,0,0
BRDA:336,22,1,0
BRDA:351,23,0,0
BRDA:351,23,1,0
BRDA:351,24,0,0
BRDA:351,24,1,0
BRDA:351,24,2,0
BRDA:357,25,0,0
BRDA:357,25,1,0
BRDA:358,26,0,0
BRDA:358,26,1,0
BRDA:359,27,0,0
BRDA:359,27,1,0
BRDA:360,28,0,0
BRDA:360,28,1,0
BRDA:362,29,0,0
BRDA:362,29,1,0
BRDA:362,29,2,0
BRDA:366,30,0,0
BRDA:366,30,1,0
BRDA:379,31,0,0
BRDA:379,31,1,0
BRDA:405,32,0,0
BRDA:405,32,1,0
BRDA:411,33,0,0
BRDA:411,33,1,0
BRDA:416,34,0,0
BRDA:416,34,1,0
BRDA:420,35,0,0
BRDA:420,35,1,0
BRDA:448,36,0,2
BRDA:486,37,0,0
BRDA:499,38,0,2
BRDA:499,38,1,0
BRDA:500,39,0,2
BRDA:500,39,1,0
BRDA:501,40,0,2
BRDA:501,40,1,0
BRDA:532,41,0,0
BRDA:532,41,1,0
BRDA:589,42,0,0
BRDA:589,42,1,0
BRF:81
BRH:13
end_of_record
TN:
SF:src/services/feeding-service.js
FN:9,(anonymous_0)
FN:20,(anonymous_1)
FN:79,(anonymous_2)
FN:94,(anonymous_3)
FN:184,(anonymous_4)
FN:214,(anonymous_5)
FN:261,(anonymous_6)
FN:281,(anonymous_7)
FN:304,(anonymous_8)
FN:388,(anonymous_9)
FN:431,(anonymous_10)
FN:450,(anonymous_11)
FN:462,(anonymous_12)
FN:474,(anonymous_13)
FN:484,(anonymous_14)
FN:484,(anonymous_15)
FN:486,(anonymous_16)
FN:506,(anonymous_17)
FN:530,(anonymous_18)
FN:554,(anonymous_19)
FNF:20
FNH:19
FNDA:27,(anonymous_0)
FNDA:5,(anonymous_1)
FNDA:0,(anonymous_2)
FNDA:4,(anonymous_3)
FNDA:4,(anonymous_4)
FNDA:4,(anonymous_5)
FNDA:5,(anonymous_6)
FNDA:2,(anonymous_7)
FNDA:2,(anonymous_8)
FNDA:3,(anonymous_9)
FNDA:4,(anonymous_10)
FNDA:12,(anonymous_11)
FNDA:12,(anonymous_12)
FNDA:12,(anonymous_13)
FNDA:12,(anonymous_14)
FNDA:12,(anonymous_15)
FNDA:12,(anonymous_16)
FNDA:3,(anonymous_17)
FNDA:2,(anonymous_18)
FNDA:1,(anonymous_19)
DA:10,27
DA:11,27
DA:12,27
DA:30,5
DA:32,5
DA:33,5
DA:35,5
DA:36,1
DA:37,1
DA:40,5
DA:41,1
DA:42,1
DA:45,5
DA:46,1
DA:47,1
DA:50,5
DA:51,5
DA:52,5
DA:55,5
DA:68,5
DA:78,5
DA:79,0
DA:95,4
DA:96,4
DA:99,4
DA:100,4
DA:101,4
DA:103,4
DA:143,4
DA:171,4
DA:185,4
DA:195,4
DA:196,1
DA:199,3
DA:216,4
DA:221,4
DA:222,1
DA:225,3
DA:235,3
DA:236,3
DA:237,5
DA:238,4
DA:242,3
DA:243,1
DA:247,2
DA:248,0
DA:252,2
DA:253,1
DA:254,1
DA:255,1
DA:256,1
DA:261,5
DA:262,2
DA:264,2
DA:265,2
DA:266,2
DA:268,2
DA:273,2
DA:283,2
DA:288,2
DA:289,1
DA:292,1
DA:311,2
DA:314,2
DA:315,2
DA:317,2
DA:318,2
DA:319,2
DA:322,2
DA:323,2
DA:325,2
DA:326,1
DA:327,1
DA:330,2
DA:340,2
DA:355,2
DA:365,2
DA:366,2
DA:370,2
DA:371,1
DA:375,2
DA:376,0
DA:379,2
DA:389,3
DA:390,3
DA:391,3
DA:393,3
DA:408,3
DA:416,3
DA:432,4
DA:435,4
DA:444,4
DA:445,4
DA:448,4
DA:449,4
DA:450,12
DA:452,4
DA:453,4
DA:462,12
DA:463,4
DA:465,4
DA:466,4
DA:474,12
DA:475,4
DA:476,2
DA:484,12
DA:485,4
DA:486,12
DA:488,4
DA:489,1
DA:497,4
DA:507,3
DA:521,3
DA:531,2
DA:544,2
DA:546,2
DA:555,1
DA:568,1
DA:570,1
LF:119
LH:116
BRDA:9,0,0,27
BRDA:20,1,0,0
BRDA:26,2,0,4
BRDA:27,3,0,4
BRDA:28,4,0,4
BRDA:29,5,0,4
BRDA:35,6,0,1
BRDA:35,6,1,4
BRDA:40,7,0,1
BRDA:40,7,1,4
BRDA:45,8,0,1
BRDA:45,8,1,4
BRDA:51,9,0,5
BRDA:51,9,1,0
BRDA:52,10,0,1
BRDA:52,10,1,4
BRDA:79,11,0,5
BRDA:79,11,1,0
BRDA:81,12,0,0
BRDA:81,12,1,0
BRDA:82,13,0,0
BRDA:82,13,1,0
BRDA:84,14,0,5
BRDA:84,14,1,5
BRDA:109,15,0,4
BRDA:109,15,1,1
BRDA:111,16,0,4
BRDA:111,16,1,2
BRDA:112,17,0,4
BRDA:112,17,1,3
BRDA:113,18,0,4
BRDA:113,18,1,3
BRDA:114,19,0,4
BRDA:114,19,1,3
BRDA:115,20,0,4
BRDA:115,20,1,2
BRDA:116,21,0,4
BRDA:116,21,1,3
BRDA:117,22,0,4
BRDA:117,22,1,3
BRDA:118,23,0,4
BRDA:118,23,1,3
BRDA:119,24,0,4
BRDA:119,24,1,3
BRDA:120,25,0,4
BRDA:120,25,1,3
BRDA:121,26,0,4
BRDA:121,26,1,4
BRDA:122,27,0,4
BRDA:122,27,1,4
BRDA:123,28,0,4
BRDA:123,28,1,4
BRDA:124,29,0,4
BRDA:124,29,1,2
BRDA:125,30,0,4
BRDA:125,30,1,3
BRDA:126,31,0,4
BRDA:126,31,1,4
BRDA:127,32,0,4
BRDA:127,32,1,3
BRDA:128,33,0,4
BRDA:128,33,1,2
BRDA:129,34,0,4
BRDA:129,34,1,3
BRDA:130,35,0,4
BRDA:130,35,1,3
BRDA:131,36,0,4
BRDA:131,36,1,3
BRDA:132,37,0,4
BRDA:132,37,1,3
BRDA:133,38,0,4
BRDA:133,38,1,3
BRDA:134,39,0,4
BRDA:134,39,1,3
BRDA:136,40,0,4
BRDA:136,40,1,3
BRDA:137,41,0,4
BRDA:137,41,1,3
BRDA:138,42,0,4
BRDA:138,42,1,3
BRDA:195,43,0,1
BRDA:195,43,1,3
BRDA:201,44,0,3
BRDA:201,44,1,0
BRDA:202,45,0,3
BRDA:202,45,1,0
BRDA:203,46,0,3
BRDA:203,46,1,0
BRDA:221,47,0,1
BRDA:221,47,1,3
BRDA:221,48,0,4
BRDA:221,48,1,4
BRDA:237,49,0,4
BRDA:237,49,1,1
BRDA:242,50,0,1
BRDA:242,50,1,2
BRDA:247,51,0,0
BRDA:247,51,1,2
BRDA:252,52,0,1
BRDA:252,52,1,1
BRDA:255,53,0,1
BRDA:255,53,1,0
BRDA:288,54,0,1
BRDA:288,54,1,1
BRDA:288,55,0,2
BRDA:288,55,1,2
BRDA:304,56,0,1
BRDA:309,57,0,1
BRDA:310,58,0,1
BRDA:314,59,0,0
BRDA:314,59,1,2
BRDA:315,60,0,0
BRDA:315,60,1,2
BRDA:317,61,0,2
BRDA:317,61,1,0
BRDA:318,62,0,0
BRDA:318,62,1,2
BRDA:318,63,0,2
BRDA:318,63,1,0
BRDA:325,64,0,1
BRDA:325,64,1,1
BRDA:356,65,0,2
BRDA:356,65,1,0
BRDA:357,66,0,2
BRDA:357,66,1,0
BRDA:358,67,0,2
BRDA:358,67,1,0
BRDA:359,68,0,2
BRDA:359,68,1,0
BRDA:360,69,0,2
BRDA:360,69,1,0
BRDA:361,70,0,2
BRDA:361,70,1,0
BRDA:365,71,0,2
BRDA:365,71,1,0
BRDA:370,72,0,1
BRDA:370,72,1,1
BRDA:375,73,0,0
BRDA:375,73,1,2
BRDA:388,74,0,0
BRDA:389,75,0,1
BRDA:389,75,1,2
BRDA:389,76,0,1
BRDA:389,76,1,1
BRDA:409,77,0,3
BRDA:409,77,1,0
BRDA:410,78,0,3
BRDA:410,78,1,0
BRDA:411,79,0,3
BRDA:411,79,1,0
BRDA:412,80,0,3
BRDA:412,80,1,0
BRDA:413,81,0,3
BRDA:413,81,1,0
BRDA:419,82,0,3
BRDA:419,82,1,0
BRDA:421,83,0,3
BRDA:421,83,1,0
BRDA:444,84,0,4
BRDA:444,84,1,0
BRDA:448,85,0,4
BRDA:448,85,1,0
BRDA:448,86,0,4
BRDA:448,86,1,4
BRDA:450,87,0,12
BRDA:450,87,1,0
BRDA:452,88,0,4
BRDA:452,88,1,0
BRDA:465,89,0,4
BRDA:465,89,1,0
BRDA:475,90,0,2
BRDA:475,90,1,2
BRDA:485,91,0,4
BRDA:485,91,1,0
BRDA:488,92,0,1
BRDA:488,92,1,3
BRDA:522,93,0,3
BRDA:522,93,1,1
BRDA:523,94,0,3
BRDA:523,94,1,0
BRDA:524,95,0,3
BRDA:524,95,1,1
BRDA:525,96,0,3
BRDA:525,96,1,1
BRDA:526,97,0,3
BRDA:526,97,1,1
BRDA:544,98,0,2
BRDA:544,98,1,1
BRDA:547,99,0,2
BRDA:547,99,1,1
BRDA:548,100,0,1
BRDA:548,100,1,1
BRDA:549,101,0,1
BRDA:549,101,1,1
BRDA:568,102,0,1
BRDA:568,102,1,0
BRDA:571,103,0,1
BRDA:571,103,1,0
BRDA:572,104,0,1
BRDA:572,104,1,0
BRDA:573,105,0,1
BRDA:573,105,1,0
BRF:202
BRH:158
end_of_record
TN:
SF:src/services/paws-service.js
FN:9,(anonymous_0)
FN:19,(anonymous_1)
FN:60,(anonymous_2)
FN:153,(anonymous_3)
FN:230,(anonymous_4)
FN:342,(anonymous_5)
FN:395,(anonymous_6)
FN:429,(anonymous_7)
FN:450,(anonymous_8)
FN:474,(anonymous_9)
FN:517,(anonymous_10)
FN:535,(anonymous_11)
FNF:12
FNH:2
FNDA:22,(anonymous_0)
FNDA:0,(anonymous_1)
FNDA:5,(anonymous_2)
FNDA:0,(anonymous_3)
FNDA:0,(anonymous_4)
FNDA:0,(anonymous_5)
FNDA:0,(anonymous_6)
FNDA:0,(anonymous_7)
FNDA:0,(anonymous_8)
FNDA:0,(anonymous_9)
FNDA:0,(anonymous_10)
FNDA:0,(anonymous_11)
DA:10,22
DA:11,22
DA:20,0
DA:29,0
DA:30,0
DA:34,0
DA:43,0
DA:61,5
DA:62,1
DA:66,4
DA:67,0
DA:68,0
DA:69,0
DA:74,4
DA:79,4
DA:80,4
DA:83,0
DA:84,0
DA:85,0
DA:87,0
DA:89,0
DA:90,0
DA:93,0
DA:108,0
DA:118,0
DA:129,0
DA:140,0
DA:141,0
DA:154,0
DA:155,0
DA:159,0
DA:164,0
DA:165,0
DA:168,0
DA:169,0
DA:172,0
DA:173,0
DA:174,0
DA:176,0
DA:177,0
DA:178,0
DA:181,0
DA:196,0
DA:205,0
DA:216,0
DA:217,0
DA:231,0
DA:232,0
DA:235,0
DA:236,0
DA:240,0
DA:245,0
DA:250,0
DA:251,0
DA:254,0
DA:255,0
DA:258,0
DA:259,0
DA:260,0
DA:263,0
DA:264,0
DA:266,0
DA:282,0
DA:283,0
DA:285,0
DA:301,0
DA:311,0
DA:320,0
DA:332,0
DA:333,0
DA:353,0
DA:355,0
DA:362,0
DA:364,0
DA:365,0
DA:366,0
DA:369,0
DA:370,0
DA:371,0
DA:374,0
DA:375,0
DA:376,0
DA:379,0
DA:380,0
DA:381,0
DA:385,0
DA:386,0
DA:387,0
DA:390,0
DA:391,0
DA:393,0
DA:395,0
DA:416,0
DA:430,0
DA:431,0
DA:434,0
DA:442,0
DA:451,0
DA:452,0
DA:453,0
DA:454,0
DA:456,0
DA:466,0
DA:475,0
DA:477,0
DA:484,0
DA:485,0
DA:486,0
DA:487,0
DA:489,0
DA:503,0
DA:504,0
DA:505,0
DA:506,0
DA:507,0
DA:508,0
DA:510,0
DA:513,0
DA:515,0
DA:517,0
DA:537,0
DA:550,0
DA:551,0
DA:561,0
DA:562,0
DA:574,0
DA:589,0
LF:127
LH:8
BRDA:29,0,0,0
BRDA:29,0,1,0
BRDA:47,1,0,0
BRDA:47,1,1,0
BRDA:60,2,0,2
BRDA:61,3,0,1
BRDA:61,3,1,4
BRDA:66,4,0,0
BRDA:66,4,1,4
BRDA:68,5,0,0
BRDA:68,5,1,0
BRDA:79,6,0,4
BRDA:79,6,1,0
BRDA:102,7,0,0
BRDA:102,7,1,0
BRDA:102,8,0,0
BRDA:102,8,1,0
BRDA:153,9,0,0
BRDA:154,10,0,0
BRDA:154,10,1,0
BRDA:164,11,0,0
BRDA:164,11,1,0
BRDA:168,12,0,0
BRDA:168,12,1,0
BRDA:190,13,0,0
BRDA:190,13,1,0
BRDA:190,14,0,0
BRDA:190,14,1,0
BRDA:230,15,0,0
BRDA:231,16,0,0
BRDA:231,16,1,0
BRDA:235,17,0,0
BRDA:235,17,1,0
BRDA:250,18,0,0
BRDA:250,18,1,0
BRDA:250,19,0,0
BRDA:250,19,1,0
BRDA:254,20,0,0
BRDA:254,20,1,0
BRDA:276,21,0,0
BRDA:276,21,1,0
BRDA:295,22,0,0
BRDA:295,22,1,0
BRDA:349,23,0,0
BRDA:350,24,0,0
BRDA:351,25,0,0
BRDA:352,26,0,0
BRDA:364,27,0,0
BRDA:364,27,1,0
BRDA:369,28,0,0
BRDA:369,28,1,0
BRDA:374,29,0,0
BRDA:374,29,1,0
BRDA:379,30,0,0
BRDA:379,30,1,0
BRDA:387,31,0,0
BRDA:387,31,1,0
BRDA:411,32,0,0
BRDA:411,32,1,0
BRDA:430,33,0,0
BRDA:430,33,1,0
BRDA:466,34,0,0
BRDA:466,34,1,0
BRDA:474,35,0,0
BRDA:475,36,0,0
BRDA:475,37,0,0
BRDA:475,38,0,0
BRDA:484,39,0,0
BRDA:484,39,1,0
BRDA:503,40,0,0
BRDA:503,40,1,0
BRDA:505,41,0,0
BRDA:505,41,1,0
BRDA:507,42,0,0
BRDA:507,42,1,0
BRDA:526,43,0,0
BRDA:526,43,1,0
BRF:77
BRH:5
end_of_record
TN:
SF:src/services/pet-service.js
FN:9,(anonymous_0)
FN:21,(anonymous_1)
FN:42,(anonymous_2)
FN:57,(anonymous_3)
FN:143,(anonymous_4)
FN:174,(anonymous_5)
FN:217,(anonymous_6)
FN:237,(anonymous_7)
FN:262,(anonymous_8)
FN:330,(anonymous_9)
FNF:10
FNH:9
FNDA:20,(anonymous_0)
FNDA:4,(anonymous_1)
FNDA:2,(anonymous_2)
FNDA:4,(anonymous_3)
FNDA:3,(anonymous_4)
FNDA:3,(anonymous_5)
FNDA:0,(anonymous_6)
FNDA:2,(anonymous_7)
FNDA:2,(anonymous_8)
FNDA:2,(anonymous_9)
DA:10,20
DA:11,20
DA:12,20
DA:22,4
DA:23,4
DA:25,4
DA:26,1
DA:27,1
DA:30,4
DA:42,4
DA:58,4
DA:59,4
DA:62,4
DA:63,4
DA:64,2
DA:65,2
DA:66,2
DA:70,4
DA:71,4
DA:72,2
DA:75,4
DA:107,4
DA:126,4
DA:144,3
DA:152,3
DA:153,3
DA:156,0
DA:176,3
DA:181,3
DA:182,3
DA:185,0
DA:192,0
DA:193,0
DA:194,0
DA:195,0
DA:199,0
DA:200,0
DA:204,0
DA:205,0
DA:209,0
DA:210,0
DA:211,0
DA:212,0
DA:217,0
DA:218,0
DA:220,0
DA:221,0
DA:222,0
DA:224,0
DA:229,0
DA:239,2
DA:244,2
DA:245,2
DA:248,0
DA:264,2
DA:269,2
DA:270,2
DA:273,0
DA:274,0
DA:276,0
DA:277,0
DA:280,0
DA:282,0
DA:284,0
DA:285,0
DA:286,0
DA:287,0
DA:289,0
DA:291,0
DA:292,0
DA:296,0
DA:298,0
DA:299,0
DA:304,0
DA:305,0
DA:306,0
DA:311,0
DA:313,0
DA:318,0
DA:332,2
DA:337,2
DA:338,2
DA:341,0
DA:342,0
DA:344,0
DA:345,0
DA:349,0
DA:350,0
DA:351,0
DA:352,0
DA:354,0
DA:360,0
DA:362,0
LF:93
LH:38
BRDA:9,0,0,0
BRDA:21,1,0,1
BRDA:25,2,0,1
BRDA:25,2,1,3
BRDA:42,3,0,4
BRDA:42,3,1,0
BRDA:44,4,0,2
BRDA:44,4,1,0
BRDA:45,5,0,2
BRDA:45,5,1,0
BRDA:46,6,0,2
BRDA:46,6,1,0
BRDA:57,7,0,3
BRDA:63,8,0,2
BRDA:63,8,1,2
BRDA:71,9,0,2
BRDA:71,9,1,2
BRDA:79,10,0,4
BRDA:79,10,1,0
BRDA:80,11,0,4
BRDA:80,11,1,3
BRDA:81,12,0,4
BRDA:81,12,1,2
BRDA:82,13,0,4
BRDA:82,13,1,3
BRDA:83,14,0,4
BRDA:83,14,1,2
BRDA:85,15,0,4
BRDA:85,15,1,4
BRDA:86,16,0,4
BRDA:86,16,1,4
BRDA:87,17,0,4
BRDA:87,17,1,4
BRDA:88,18,0,4
BRDA:88,18,1,3
BRDA:89,19,0,4
BRDA:89,19,1,4
BRDA:90,20,0,4
BRDA:90,20,1,4
BRDA:91,21,0,4
BRDA:91,21,1,4
BRDA:96,22,0,4
BRDA:96,22,1,4
BRDA:97,23,0,4
BRDA:97,23,1,4
BRDA:98,24,0,4
BRDA:98,24,1,4
BRDA:99,25,0,4
BRDA:99,25,1,4
BRDA:101,26,0,4
BRDA:101,26,1,4
BRDA:152,27,0,3
BRDA:152,27,1,0
BRDA:158,28,0,0
BRDA:158,28,1,0
BRDA:159,29,0,0
BRDA:159,29,1,0
BRDA:160,30,0,0
BRDA:160,30,1,0
BRDA:161,31,0,0
BRDA:161,31,1,0
BRDA:162,32,0,0
BRDA:162,32,1,0
BRDA:163,33,0,0
BRDA:163,33,1,0
BRDA:181,34,0,3
BRDA:181,34,1,0
BRDA:181,35,0,3
BRDA:181,35,1,0
BRDA:194,36,0,0
BRDA:194,36,1,0
BRDA:199,37,0,0
BRDA:199,37,1,0
BRDA:204,38,0,0
BRDA:204,38,1,0
BRDA:211,39,0,0
BRDA:211,39,1,0
BRDA:244,40,0,2
BRDA:244,40,1,0
BRDA:244,41,0,2
BRDA:244,41,1,0
BRDA:269,42,0,2
BRDA:269,42,1,0
BRDA:269,43,0,2
BRDA:269,43,1,0
BRDA:273,44,0,0
BRDA:273,44,1,0
BRDA:276,45,0,0
BRDA:276,45,1,0
BRDA:282,46,0,0
BRDA:282,46,1,0
BRDA:287,47,0,0
BRDA:287,47,1,0
BRDA:288,48,0,0
BRDA:288,48,1,0
BRDA:337,49,0,2
BRDA:337,49,1,0
BRDA:337,50,0,2
BRDA:337,50,1,0
BRDA:341,51,0,0
BRDA:341,51,1,0
BRDA:344,52,0,0
BRDA:344,52,1,0
BRDA:349,53,0,0
BRDA:349,53,1,0
BRDA:349,54,0,0
BRDA:349,54,1,0
BRF:107
BRH:54
end_of_record
TN:
SF:src/services/supplier-service.js
FN:9,(anonymous_0)
FN:18,(anonymous_1)
FN:74,(anonymous_2)
FN:76,(anonymous_3)
FN:169,(anonymous_4)
FN:171,(anonymous_5)
FN:228,(anonymous_6)
FN:236,(anonymous_7)
FN:248,(anonymous_8)
FN:275,(anonymous_9)
FN:311,(anonymous_10)
FN:345,(anonymous_11)
FN:353,(anonymous_12)
FN:356,(anonymous_13)
FN:365,(anonymous_14)
FN:366,(anonymous_15)
FN:376,(anonymous_16)
FN:390,(anonymous_17)
FN:410,(anonymous_18)
FN:441,(anonymous_19)
FN:474,(anonymous_20)
FNF:21
FNH:14
FNDA:24,(anonymous_0)
FNDA:8,(anonymous_1)
FNDA:0,(anonymous_2)
FNDA:0,(anonymous_3)
FNDA:0,(anonymous_4)
FNDA:0,(anonymous_5)
FNDA:5,(anonymous_6)
FNDA:25,(anonymous_7)
FNDA:4,(anonymous_8)
FNDA:2,(anonymous_9)
FNDA:2,(anonymous_10)
FNDA:6,(anonymous_11)
FNDA:60,(anonymous_12)
FNDA:168,(anonymous_13)
FNDA:30,(anonymous_14)
FNDA:48,(anonymous_15)
FNDA:0,(anonymous_16)
FNDA:0,(anonymous_17)
FNDA:1,(anonymous_18)
FNDA:0,(anonymous_19)
FNDA:4,(anonymous_20)
DA:10,24
DA:11,24
DA:12,24
DA:19,8
DA:37,8
DA:39,8
DA:45,8
DA:46,8
DA:49,8
DA:50,0
DA:54,0
DA:56,0
DA:57,0
DA:60,0
DA:64,8
DA:67,8
DA:68,2
DA:69,2
DA:70,2
DA:73,8
DA:74,0
DA:75,0
DA:76,0
DA:77,8
DA:78,0
DA:79,0
DA:82,8
DA:83,1
DA:84,1
DA:87,8
DA:88,0
DA:89,0
DA:92,8
DA:93,1
DA:96,8
DA:97,0
DA:98,0
DA:101,8
DA:102,0
DA:103,0
DA:106,8
DA:107,0
DA:108,0
DA:111,8
DA:112,0
DA:113,0
DA:117,8
DA:119,0
DA:120,0
DA:122,0
DA:123,0
DA:125,0
DA:127,0
DA:129,0
DA:130,0
DA:132,0
DA:133,0
DA:135,8
DA:136,2
DA:143,2
DA:144,2
DA:146,6
DA:150,8
DA:151,8
DA:153,8
DA:156,8
DA:157,8
DA:160,8
DA:162,8
DA:163,2
DA:164,2
DA:165,2
DA:168,8
DA:169,0
DA:170,0
DA:171,0
DA:172,8
DA:173,0
DA:174,0
DA:177,8
DA:178,1
DA:179,1
DA:182,8
DA:183,0
DA:184,0
DA:187,8
DA:188,1
DA:191,8
DA:192,0
DA:193,0
DA:196,8
DA:197,0
DA:198,0
DA:201,8
DA:202,0
DA:203,0
DA:206,8
DA:207,0
DA:208,0
DA:211,8
DA:212,5
DA:214,5
DA:220,3
DA:221,3
DA:229,5
DA:230,5
DA:235,5
DA:236,25
DA:240,0
DA:241,0
DA:249,4
DA:250,4
DA:261,2
DA:262,1
DA:265,1
DA:267,3
DA:268,3
DA:276,2
DA:278,2
DA:279,2
DA:281,2
DA:301,2
DA:303,0
DA:304,0
DA:312,2
DA:313,2
DA:315,2
DA:335,2
DA:337,2
DA:338,2
DA:346,6
DA:348,6
DA:352,6
DA:353,6
DA:354,60
DA:355,60
DA:356,60
DA:357,168
DA:364,6
DA:365,30
DA:366,48
DA:368,0
DA:369,0
DA:377,0
DA:378,0
DA:389,0
DA:390,0
DA:391,0
DA:392,0
DA:394,0
DA:400,0
DA:402,0
DA:403,0
DA:411,1
DA:412,1
DA:420,1
DA:422,1
DA:423,0
DA:424,0
DA:427,1
DA:428,1
DA:430,1
DA:431,1
DA:433,0
DA:434,0
DA:442,0
DA:443,0
DA:464,0
DA:466,0
DA:467,0
DA:475,4
DA:476,4
DA:492,4
DA:494,4
DA:495,1
DA:498,4
DA:499,0
DA:500,0
DA:503,4
DA:504,4
DA:506,4
DA:507,4
DA:509,0
DA:510,0
LF:184
LH:110
BRDA:9,0,0,0
BRDA:9,1,0,11
BRDA:18,2,0,8
BRDA:29,3,0,3
BRDA:34,4,0,3
BRDA:35,5,0,3
BRDA:36,6,0,3
BRDA:49,7,0,0
BRDA:49,7,1,8
BRDA:49,8,0,8
BRDA:49,8,1,0
BRDA:56,9,0,0
BRDA:56,9,1,0
BRDA:67,10,0,2
BRDA:67,10,1,6
BRDA:73,11,0,0
BRDA:73,11,1,8
BRDA:73,12,0,8
BRDA:73,12,1,0
BRDA:77,13,0,0
BRDA:77,13,1,8
BRDA:82,14,0,1
BRDA:82,14,1,7
BRDA:87,15,0,0
BRDA:87,15,1,8
BRDA:92,16,0,1
BRDA:92,16,1,7
BRDA:96,17,0,0
BRDA:96,17,1,8
BRDA:98,18,0,0
BRDA:98,18,1,0
BRDA:101,19,0,0
BRDA:101,19,1,8
BRDA:103,20,0,0
BRDA:103,20,1,0
BRDA:106,21,0,0
BRDA:106,21,1,8
BRDA:108,22,0,0
BRDA:108,22,1,0
BRDA:111,23,0,0
BRDA:111,23,1,8
BRDA:117,24,0,0
BRDA:117,24,1,0
BRDA:117,24,2,0
BRDA:117,24,3,0
BRDA:117,24,4,8
BRDA:122,25,0,0
BRDA:122,25,1,0
BRDA:122,26,0,0
BRDA:122,26,1,0
BRDA:135,27,0,2
BRDA:135,27,1,6
BRDA:157,28,0,0
BRDA:157,28,1,8
BRDA:157,29,0,8
BRDA:157,29,1,0
BRDA:160,30,0,0
BRDA:160,30,1,8
BRDA:160,31,0,8
BRDA:160,31,1,0
BRDA:160,32,0,0
BRDA:160,32,1,0
BRDA:162,33,0,2
BRDA:162,33,1,6
BRDA:168,34,0,0
BRDA:168,34,1,8
BRDA:168,35,0,8
BRDA:168,35,1,0
BRDA:172,36,0,0
BRDA:172,36,1,8
BRDA:177,37,0,1
BRDA:177,37,1,7
BRDA:182,38,0,0
BRDA:182,38,1,8
BRDA:187,39,0,1
BRDA:187,39,1,7
BRDA:191,40,0,0
BRDA:191,40,1,8
BRDA:193,41,0,0
BRDA:193,41,1,0
BRDA:196,42,0,0
BRDA:196,42,1,8
BRDA:198,43,0,0
BRDA:198,43,1,0
BRDA:201,44,0,0
BRDA:201,44,1,8
BRDA:203,45,0,0
BRDA:203,45,1,0
BRDA:206,46,0,0
BRDA:206,46,1,8
BRDA:212,47,0,5
BRDA:212,47,1,0
BRDA:215,48,0,5
BRDA:215,48,1,0
BRDA:248,49,0,4
BRDA:261,50,0,1
BRDA:261,50,1,1
BRDA:357,51,0,168
BRDA:357,51,1,30
BRDA:391,52,0,0
BRDA:391,52,1,0
BRDA:410,53,0,0
BRDA:410,54,0,1
BRDA:410,55,0,1
BRDA:422,56,0,0
BRDA:422,56,1,1
BRDA:431,57,0,1
BRDA:431,57,1,0
BRDA:441,58,0,0
BRDA:464,59,0,0
BRDA:464,59,1,0
BRDA:464,59,2,0
BRDA:474,60,0,0
BRDA:474,61,0,0
BRDA:474,62,0,0
BRDA:494,63,0,1
BRDA:494,63,1,3
BRDA:498,64,0,0
BRDA:498,64,1,4
BRDA:507,65,0,4
BRDA:507,65,1,4
BRDA:507,65,2,0
BRF:122
BRH:59
end_of_record
